Log file open, 02/27/24 14:09:24
LogWindows: Failed to load 'aqProf.dll' (GetLastError=126)
LogWindows: File 'aqProf.dll' does not exist
LogWindows: Failed to load 'VtuneApi.dll' (GetLastError=126)
LogWindows: File 'VtuneApi.dll' does not exist
LogWindows: Failed to load 'VtuneApi32e.dll' (GetLastError=126)
LogWindows: File 'VtuneApi32e.dll' does not exist
LogConsoleResponse: Display: Failed to find resolution value strings in scalability ini. Falling back to default.
LogConsoleResponse: Display: Failed to find resolution value strings in scalability ini. Falling back to default.
LogInit: Display: Running engine for game: LostArk
LogPlatformFile: Not using cached read wrapper
LogTaskGraph: Started task graph with 5 named threads and 20 total threads with 3 sets of task threads.
LogStats: Stats thread started at 0.350871
LogICUInternationalization: ICU TimeZone Detection - Raw Offset: +9:00, Platform Override: ''
LogInit: Display: Loading text-based GConfig....
LogPluginManager: Mounting plugin MeshPainting
LogPluginManager: Mounting plugin XGEController
LogPluginManager: Mounting plugin AISupport
LogPluginManager: Mounting plugin Paper2D
LogPluginManager: Mounting plugin EnvironmentQueryEditor
LogPluginManager: Mounting plugin LiveLink
LogPluginManager: Mounting plugin LightPropagationVolume
LogPluginManager: Mounting plugin CameraShakePreviewer
LogPluginManager: Mounting plugin GameplayCameras
LogPluginManager: Mounting plugin AnimationSharing
LogPluginManager: Mounting plugin CLionSourceCodeAccess
LogPluginManager: Mounting plugin CodeLiteSourceCodeAccess
LogPluginManager: Mounting plugin GitSourceControl
LogPluginManager: Mounting plugin KDevelopSourceCodeAccess
LogPluginManager: Mounting plugin NullSourceCodeAccess
LogPluginManager: Mounting plugin PerforceSourceControl
LogPluginManager: Mounting plugin OodleData
LogPluginManager: Mounting plugin PixWinPlugin
LogPluginManager: Mounting plugin PlasticSourceControl
LogPluginManager: Mounting plugin PluginUtils
LogPluginManager: Mounting plugin PropertyAccessNode
LogPluginManager: Mounting plugin RiderSourceCodeAccess
LogPluginManager: Mounting plugin SubversionSourceControl
LogPluginManager: Mounting plugin TextureFormatOodle
LogPluginManager: Mounting plugin UObjectPlugin
LogPluginManager: Mounting plugin VisualStudioCodeSourceCodeAccess
LogPluginManager: Mounting plugin VisualStudioSourceCodeAccess
LogPluginManager: Mounting plugin OodleNetwork
LogPluginManager: Mounting plugin XCodeSourceCodeAccess
LogPluginManager: Mounting plugin AssetManagerEditor
LogPluginManager: Mounting plugin DatasmithContent
LogPluginManager: Mounting plugin CryptoKeys
LogPluginManager: Mounting plugin CurveEditorTools
LogPluginManager: Mounting plugin DataValidation
LogPluginManager: Mounting plugin FacialAnimation
LogPluginManager: Mounting plugin GameplayTagsEditor
LogPluginManager: Mounting plugin GeometryMode
LogPluginManager: Mounting plugin MacGraphicsSwitching
LogPluginManager: Mounting plugin MaterialAnalyzer
LogPluginManager: Mounting plugin MobileLauncherProfileWizard
LogPluginManager: Mounting plugin PluginBrowser
LogPluginManager: Mounting plugin VariantManagerContent
LogPluginManager: Mounting plugin SpeedTreeImporter
LogPluginManager: Mounting plugin Niagara
LogPluginManager: Mounting plugin AlembicImporter
LogPluginManager: Mounting plugin AutomationUtils
LogPluginManager: Mounting plugin BackChannel
LogPluginManager: Mounting plugin ChaosCloth
LogPluginManager: Mounting plugin ChaosClothEditor
LogPluginManager: Mounting plugin ChaosEditor
LogPluginManager: Mounting plugin ChaosNiagara
LogPluginManager: Mounting plugin ChaosSolverPlugin
LogPluginManager: Mounting plugin CharacterAI
LogPluginManager: Mounting plugin GeometryCache
LogPluginManager: Mounting plugin GeometryCollectionPlugin
LogPluginManager: Mounting plugin LuminPlatformFeatures
LogPluginManager: Mounting plugin MagicLeap
LogPluginManager: Mounting plugin MagicLeapLightEstimation
LogPluginManager: Mounting plugin MagicLeapMedia
LogPluginManager: Mounting plugin MagicLeapPassableWorld
LogPluginManager: Mounting plugin MLSDK
LogPluginManager: Mounting plugin GeometryProcessing
LogPluginManager: Mounting plugin MotoSynth
LogPluginManager: Mounting plugin OpenImageDenoise
LogPluginManager: Mounting plugin PlanarCut
LogPluginManager: Mounting plugin PlatformCrypto
LogPluginManager: Mounting plugin ProxyLODPlugin
LogPluginManager: Mounting plugin PythonScriptPlugin
LogPluginManager: Mounting plugin AndroidMedia
LogPluginManager: Mounting plugin SkeletalReduction
LogPluginManager: Mounting plugin AvfMedia
LogPluginManager: Mounting plugin ImgMedia
LogPluginManager: Mounting plugin MediaCompositing
LogPluginManager: Mounting plugin MediaPlayerEditor
LogPluginManager: Mounting plugin WebMMedia
LogPluginManager: Mounting plugin WmfMedia
LogPluginManager: Mounting plugin TcpMessaging
LogPluginManager: Mounting plugin UdpMessaging
LogPluginManager: Mounting plugin ActorSequence
LogPluginManager: Mounting plugin LevelSequenceEditor
LogPluginManager: Mounting plugin MatineeToLevelSequence
LogPluginManager: Mounting plugin TemplateSequence
LogPluginManager: Mounting plugin OnlineSubsystem
LogPluginManager: Mounting plugin OnlineSubsystemNull
LogPluginManager: Mounting plugin OnlineSubsystemUtils
LogPluginManager: Mounting plugin LauncherChunkInstaller
LogPluginManager: Mounting plugin ActorLayerUtilities
LogPluginManager: Mounting plugin AndroidDeviceProfileSelector
LogPluginManager: Mounting plugin AndroidMoviePlayer
LogPluginManager: Mounting plugin AndroidPermission
LogPluginManager: Mounting plugin AppleMoviePlayer
LogPluginManager: Mounting plugin AppleImageUtils
LogPluginManager: Mounting plugin ArchVisCharacter
LogPluginManager: Mounting plugin AssetTags
LogPluginManager: Mounting plugin AudioCapture
LogPluginManager: Mounting plugin AudioSynesthesia
LogPluginManager: Mounting plugin CableComponent
LogPluginManager: Mounting plugin ChunkDownloader
LogPluginManager: Mounting plugin CustomMeshComponent
LogPluginManager: Mounting plugin ExampleDeviceProfileSelector
LogPluginManager: Mounting plugin EditableMesh
LogPluginManager: Mounting plugin GoogleCloudMessaging
LogPluginManager: Mounting plugin GooglePAD
LogPluginManager: Mounting plugin IOSDeviceProfileSelector
LogPluginManager: Mounting plugin LinuxDeviceProfileSelector
LogPluginManager: Mounting plugin LocationServicesBPLibrary
LogPluginManager: Mounting plugin MobilePatchingUtils
LogPluginManager: Mounting plugin OpenXREyeTracker
LogPluginManager: Mounting plugin OpenXRHandTracking
LogPluginManager: Mounting plugin PhysXVehicles
LogPluginManager: Mounting plugin ScreenshotTools
LogPluginManager: Mounting plugin PostSplashScreen
LogPluginManager: Mounting plugin PropertyAccessEditor
LogPluginManager: Mounting plugin ProceduralMeshComponent
LogPluginManager: Mounting plugin RuntimePhysXCooking
LogPluginManager: Mounting plugin SignificanceManager
LogPluginManager: Mounting plugin OpenXR
LogPluginManager: Mounting plugin SoundFields
LogPluginManager: Mounting plugin Synthesis
LogPluginManager: Mounting plugin WebMMoviePlayer
LogPluginManager: Mounting plugin WindowsMoviePlayer
LogPluginManager: Mounting plugin Takes
LogPluginManager: Mounting plugin ContentBrowserClassDataSource
LogPluginManager: Mounting plugin ContentBrowserAssetDataSource
LogPluginManager: Mounting plugin ContentBrowserFileDataSource
LogPluginManager: Mounting plugin OnlineSubsystemGooglePlay
LogPluginManager: Mounting plugin OnlineSubsystemIOS
LogPluginManager: Mounting plugin OculusVR
LogPluginManager: Mounting plugin SteamVR
LogPluginManager: Mounting plugin asset
LogPluginManager: Mounting plugin Samurai
PixWinPlugin: PIX capture plugin failed to initialize! Check that the process is launched from PIX.
LogInit: Using libcurl 7.55.1-DEV
LogInit:  - built for x86_64-pc-win32
LogInit:  - supports SSL with OpenSSL/1.1.1
LogInit:  - supports HTTP deflate (compression) using libz 1.2.8
LogInit:  - other features:
LogInit:      CURL_VERSION_SSL
LogInit:      CURL_VERSION_LIBZ
LogInit:      CURL_VERSION_IPV6
LogInit:      CURL_VERSION_ASYNCHDNS
LogInit:      CURL_VERSION_LARGEFILE
LogInit:      CURL_VERSION_IDN
LogInit:  CurlRequestOptions (configurable via config and command line):
LogInit:  - bVerifyPeer = true  - Libcurl will verify peer certificate
LogInit:  - bUseHttpProxy = false  - Libcurl will NOT use HTTP proxy
LogInit:  - bDontReuseConnections = false  - Libcurl will reuse connections
LogInit:  - MaxHostConnections = 16  - Libcurl will limit the number of connections to a host
LogInit:  - LocalHostAddr = Default
LogInit:  - BufferSize = 65536
LogOnline: OSS: Creating online subsystem instance for: NULL
LogInit: WinSock: version 1.1 (2.2), MaxSocks=32767, MaxUdp=65467
LogOnline: OSS: TryLoadSubsystemAndSetDefault: Loaded subsystem for module [NULL]
LogOculusPluginWrapper: OculusPlugin initialized successfully
LogHMD: Failed initializing OVRPlugin 1.59.0
LogInit: Build: ++UE4+Release-4.27-CL-18319896
LogInit: Engine Version: 4.27.2-18319896+++UE4+Release-4.27
LogInit: Compatible Engine Version: 4.27.0-17155196+++UE4+Release-4.27
LogInit: Net CL: 17155196
LogInit: OS: Windows 10 (Release 2009) (), CPU: Intel(R) Core(TM) i5-8600 CPU @ 3.10GHz, GPU: NVIDIA GeForce GTX 1060 3GB
LogInit: Compiled (64-bit): Nov 30 2021 07:12:08
LogInit: Compiled with Visual C++: 19.24.28315.00
LogInit: Build Configuration: Development
LogInit: Branch Name: ++UE4+Release-4.27
LogInit: Command Line: 
LogInit: Base Directory: C:/Program Files/Epic Games/UE_4.27/Engine/Binaries/Win64/
LogInit: Allocator: TBB
LogInit: Installed Engine Build: 1
LogDevObjectVersion: Number of dev versions registered: 29
LogDevObjectVersion:   Dev-Blueprints (B0D832E4-1F89-4F0D-ACCF-7EB736FD4AA2): 10
LogDevObjectVersion:   Dev-Build (E1C64328-A22C-4D53-A36C-8E866417BD8C): 0
LogDevObjectVersion:   Dev-Core (375EC13C-06E4-48FB-B500-84F0262A717E): 4
LogDevObjectVersion:   Dev-Editor (E4B068ED-F494-42E9-A231-DA0B2E46BB41): 40
LogDevObjectVersion:   Dev-Framework (CFFC743F-43B0-4480-9391-14DF171D2073): 37
LogDevObjectVersion:   Dev-Mobile (B02B49B5-BB20-44E9-A304-32B752E40360): 3
LogDevObjectVersion:   Dev-Networking (A4E4105C-59A1-49B5-A7C5-40C4547EDFEE): 0
LogDevObjectVersion:   Dev-Online (39C831C9-5AE6-47DC-9A44-9C173E1C8E7C): 0
LogDevObjectVersion:   Dev-Physics (78F01B33-EBEA-4F98-B9B4-84EACCB95AA2): 14
LogDevObjectVersion:   Dev-Platform (6631380F-2D4D-43E0-8009-CF276956A95A): 0
LogDevObjectVersion:   Dev-Rendering (12F88B9F-8875-4AFC-A67C-D90C383ABD29): 45
LogDevObjectVersion:   Dev-Sequencer (7B5AE74C-D270-4C10-A958-57980B212A5A): 13
LogDevObjectVersion:   Dev-VR (D7296918-1DD6-4BDD-9DE2-64A83CC13884): 3
LogDevObjectVersion:   Dev-LoadTimes (C2A15278-BFE7-4AFE-6C17-90FF531DF755): 1
LogDevObjectVersion:   Private-Geometry (6EACA3D4-40EC-4CC1-B786-8BED09428FC5): 3
LogDevObjectVersion:   Dev-AnimPhys (29E575DD-E0A3-4627-9D10-D276232CDCEA): 17
LogDevObjectVersion:   Dev-Anim (AF43A65D-7FD3-4947-9873-3E8ED9C1BB05): 15
LogDevObjectVersion:   Dev-ReflectionCapture (6B266CEC-1EC7-4B8F-A30B-E4D90942FC07): 1
LogDevObjectVersion:   Dev-Automation (0DF73D61-A23F-47EA-B727-89E90C41499A): 1
LogDevObjectVersion:   FortniteMain (601D1886-AC64-4F84-AA16-D3DE0DEAC7D6): 47
LogDevObjectVersion:   FortniteRelease (E7086368-6B23-4C58-8439-1B7016265E91): 1
LogDevObjectVersion:   Dev-Enterprise (9DFFBCD6-494F-0158-E221-12823C92A888): 10
LogDevObjectVersion:   Dev-Niagara (F2AED0AC-9AFE-416F-8664-AA7FFA26D6FC): 1
LogDevObjectVersion:   Dev-Destruction (174F1F0B-B4C6-45A5-B13F-2EE8D0FB917D): 10
LogDevObjectVersion:   Dev-Physics-Ext (35F94A83-E258-406C-A318-09F59610247C): 41
LogDevObjectVersion:   Dev-PhysicsMaterial-Chaos (B68FC16E-8B1B-42E2-B453-215C058844FE): 1
LogDevObjectVersion:   Dev-CineCamera (B2E18506-4273-CFC2-A54E-F4BB758BBA07): 1
LogDevObjectVersion:   Dev-VirtualProduction (64F58936-FD1B-42BA-BA96-7289D5D0FA4E): 1
LogDevObjectVersion:   Dev-MediaFramework (6F0ED827-A609-4895-9C91-998D90180EA4): 2
LogInit: Presizing for max 25165824 objects, including 0 objects not considered by GC, pre-allocating 0 bytes for permanent pool.
LogConfig: Applying CVar settings from Section [/Script/Engine.StreamingSettings] File [C:/Users/arkchimy/Documents/quarter-view_project/LostArk/Saved/Config/Windows/Engine.ini]
LogConfig: Setting CVar [[s.MinBulkDataSizeForAsyncLoading:131072]]
LogConfig: Setting CVar [[s.AsyncLoadingThreadEnabled:0]]
LogConfig: Setting CVar [[s.EventDrivenLoaderEnabled:1]]
LogConfig: Setting CVar [[s.WarnIfTimeLimitExceeded:0]]
LogConfig: Setting CVar [[s.TimeLimitExceededMultiplier:1.5]]
LogConfig: Setting CVar [[s.TimeLimitExceededMinTime:0.005]]
LogConfig: Setting CVar [[s.UseBackgroundLevelStreaming:1]]
LogConfig: Setting CVar [[s.PriorityAsyncLoadingExtraTime:15.0]]
LogConfig: Setting CVar [[s.LevelStreamingActorsUpdateTimeLimit:5.0]]
LogConfig: Setting CVar [[s.PriorityLevelStreamingActorsUpdateExtraTime:5.0]]
LogConfig: Setting CVar [[s.LevelStreamingComponentsRegistrationGranularity:10]]
LogConfig: Setting CVar [[s.UnregisterComponentsTimeLimit:1.0]]
LogConfig: Setting CVar [[s.LevelStreamingComponentsUnregistrationGranularity:5]]
LogConfig: Setting CVar [[s.FlushStreamingOnExit:1]]
LogInit: Object subsystem initialized
LogConfig: Setting CVar [[con.DebugEarlyDefault:1]]
LogConfig: Setting CVar [[r.setres:1280x720]]
[2024.02.27-05.09.26:377][  0]LogConfig: Setting CVar [[r.VSync:0]]
[2024.02.27-05.09.26:377][  0]LogConfig: Setting CVar [[r.RHICmdBypass:0]]
[2024.02.27-05.09.26:377][  0]LogConfig: Applying CVar settings from Section [/Script/Engine.RendererSettings] File [C:/Users/arkchimy/Documents/quarter-view_project/LostArk/Saved/Config/Windows/Engine.ini]
[2024.02.27-05.09.26:378][  0]LogConfig: Setting CVar [[r.GPUCrashDebugging:0]]
[2024.02.27-05.09.26:378][  0]LogConfig: Applying CVar settings from Section [/Script/Engine.RendererOverrideSettings] File [C:/Users/arkchimy/Documents/quarter-view_project/LostArk/Saved/Config/Windows/Engine.ini]
[2024.02.27-05.09.26:378][  0]LogConfig: Applying CVar settings from Section [/Script/Engine.StreamingSettings] File [C:/Users/arkchimy/Documents/quarter-view_project/LostArk/Saved/Config/Windows/Engine.ini]
[2024.02.27-05.09.26:378][  0]LogConfig: Setting CVar [[s.MinBulkDataSizeForAsyncLoading:131072]]
[2024.02.27-05.09.26:378][  0]LogConfig: Setting CVar [[s.AsyncLoadingThreadEnabled:0]]
[2024.02.27-05.09.26:378][  0]LogConfig: Setting CVar [[s.EventDrivenLoaderEnabled:1]]
[2024.02.27-05.09.26:378][  0]LogConfig: Setting CVar [[s.WarnIfTimeLimitExceeded:0]]
[2024.02.27-05.09.26:378][  0]LogConfig: Setting CVar [[s.TimeLimitExceededMultiplier:1.5]]
[2024.02.27-05.09.26:378][  0]LogConfig: Setting CVar [[s.TimeLimitExceededMinTime:0.005]]
[2024.02.27-05.09.26:378][  0]LogConfig: Setting CVar [[s.UseBackgroundLevelStreaming:1]]
[2024.02.27-05.09.26:378][  0]LogConfig: Setting CVar [[s.PriorityAsyncLoadingExtraTime:15.0]]
[2024.02.27-05.09.26:378][  0]LogConfig: Setting CVar [[s.LevelStreamingActorsUpdateTimeLimit:5.0]]
[2024.02.27-05.09.26:378][  0]LogConfig: Setting CVar [[s.PriorityLevelStreamingActorsUpdateExtraTime:5.0]]
[2024.02.27-05.09.26:378][  0]LogConfig: Setting CVar [[s.LevelStreamingComponentsRegistrationGranularity:10]]
[2024.02.27-05.09.26:378][  0]LogConfig: Setting CVar [[s.UnregisterComponentsTimeLimit:1.0]]
[2024.02.27-05.09.26:378][  0]LogConfig: Setting CVar [[s.LevelStreamingComponentsUnregistrationGranularity:5]]
[2024.02.27-05.09.26:378][  0]LogConfig: Setting CVar [[s.FlushStreamingOnExit:1]]
[2024.02.27-05.09.26:378][  0]LogConfig: Applying CVar settings from Section [/Script/Engine.GarbageCollectionSettings] File [C:/Users/arkchimy/Documents/quarter-view_project/LostArk/Saved/Config/Windows/Engine.ini]
[2024.02.27-05.09.26:378][  0]LogConfig: Setting CVar [[gc.MaxObjectsNotConsideredByGC:1]]
[2024.02.27-05.09.26:378][  0]LogConfig: Setting CVar [[gc.SizeOfPermanentObjectPool:0]]
[2024.02.27-05.09.26:378][  0]LogConfig: Setting CVar [[gc.FlushStreamingOnGC:0]]
[2024.02.27-05.09.26:378][  0]LogConfig: Setting CVar [[gc.NumRetriesBeforeForcingGC:10]]
[2024.02.27-05.09.26:378][  0]LogConfig: Setting CVar [[gc.AllowParallelGC:1]]
[2024.02.27-05.09.26:378][  0]LogConfig: Setting CVar [[gc.TimeBetweenPurgingPendingKillObjects:61.1]]
[2024.02.27-05.09.26:378][  0]LogConfig: Setting CVar [[gc.MaxObjectsInEditor:25165824]]
[2024.02.27-05.09.26:378][  0]LogConfig: Setting CVar [[gc.IncrementalBeginDestroyEnabled:1]]
[2024.02.27-05.09.26:378][  0]LogConfig: Setting CVar [[gc.CreateGCClusters:1]]
[2024.02.27-05.09.26:378][  0]LogConfig: Setting CVar [[gc.MinGCClusterSize:5]]
[2024.02.27-05.09.26:378][  0]LogConfig: Setting CVar [[gc.ActorClusteringEnabled:0]]
[2024.02.27-05.09.26:378][  0]LogConfig: Setting CVar [[gc.BlueprintClusteringEnabled:0]]
[2024.02.27-05.09.26:378][  0]LogConfig: Setting CVar [[gc.UseDisregardForGCOnDedicatedServers:0]]
[2024.02.27-05.09.26:378][  0]LogConfig: Setting CVar [[gc.MultithreadedDestructionEnabled:1]]
[2024.02.27-05.09.26:378][  0]LogConfig: Applying CVar settings from Section [/Script/Engine.NetworkSettings] File [C:/Users/arkchimy/Documents/quarter-view_project/LostArk/Saved/Config/Windows/Engine.ini]
[2024.02.27-05.09.26:378][  0]LogConfig: Applying CVar settings from Section [/Script/UnrealEd.CookerSettings] File [C:/Users/arkchimy/Documents/quarter-view_project/LostArk/Saved/Config/Windows/Engine.ini]
[2024.02.27-05.09.26:395][  0]LogConfig: Applying CVar settings from Section [ViewDistanceQuality@3] File [C:/Users/arkchimy/Documents/quarter-view_project/LostArk/Saved/Config/Windows/Scalability.ini]
[2024.02.27-05.09.26:395][  0]LogConfig: Setting CVar [[r.SkeletalMeshLODBias:0]]
[2024.02.27-05.09.26:395][  0]LogConfig: Setting CVar [[r.ViewDistanceScale:1.0]]
[2024.02.27-05.09.26:395][  0]LogConfig: Applying CVar settings from Section [AntiAliasingQuality@3] File [C:/Users/arkchimy/Documents/quarter-view_project/LostArk/Saved/Config/Windows/Scalability.ini]
[2024.02.27-05.09.26:395][  0]LogConfig: Setting CVar [[r.PostProcessAAQuality:4]]
[2024.02.27-05.09.26:395][  0]LogConfig: Applying CVar settings from Section [ShadowQuality@3] File [C:/Users/arkchimy/Documents/quarter-view_project/LostArk/Saved/Config/Windows/Scalability.ini]
[2024.02.27-05.09.26:395][  0]LogConfig: Setting CVar [[r.LightFunctionQuality:1]]
[2024.02.27-05.09.26:395][  0]LogConfig: Setting CVar [[r.ShadowQuality:5]]
[2024.02.27-05.09.26:395][  0]LogConfig: Setting CVar [[r.Shadow.CSM.MaxCascades:10]]
[2024.02.27-05.09.26:395][  0]LogConfig: Setting CVar [[r.Shadow.MaxResolution:2048]]
[2024.02.27-05.09.26:395][  0]LogConfig: Setting CVar [[r.Shadow.MaxCSMResolution:2048]]
[2024.02.27-05.09.26:395][  0]LogConfig: Setting CVar [[r.Shadow.RadiusThreshold:0.01]]
[2024.02.27-05.09.26:396][  0]LogConfig: Setting CVar [[r.Shadow.DistanceScale:1.0]]
[2024.02.27-05.09.26:396][  0]LogConfig: Setting CVar [[r.Shadow.CSM.TransitionScale:1.0]]
[2024.02.27-05.09.26:396][  0]LogConfig: Setting CVar [[r.Shadow.PreShadowResolutionFactor:1.0]]
[2024.02.27-05.09.26:396][  0]LogConfig: Setting CVar [[r.DistanceFieldShadowing:1]]
[2024.02.27-05.09.26:396][  0]LogConfig: Setting CVar [[r.DistanceFieldAO:1]]
[2024.02.27-05.09.26:396][  0]LogConfig: Setting CVar [[r.AOQuality:2]]
[2024.02.27-05.09.26:396][  0]LogConfig: Setting CVar [[r.VolumetricFog:1]]
[2024.02.27-05.09.26:396][  0]LogConfig: Setting CVar [[r.VolumetricFog.GridPixelSize:8]]
[2024.02.27-05.09.26:396][  0]LogConfig: Setting CVar [[r.VolumetricFog.GridSizeZ:128]]
[2024.02.27-05.09.26:396][  0]LogConfig: Setting CVar [[r.VolumetricFog.HistoryMissSupersampleCount:4]]
[2024.02.27-05.09.26:396][  0]LogConfig: Setting CVar [[r.LightMaxDrawDistanceScale:1]]
[2024.02.27-05.09.26:396][  0]LogConfig: Setting CVar [[r.CapsuleShadows:1]]
[2024.02.27-05.09.26:396][  0]LogConfig: Applying CVar settings from Section [PostProcessQuality@3] File [C:/Users/arkchimy/Documents/quarter-view_project/LostArk/Saved/Config/Windows/Scalability.ini]
[2024.02.27-05.09.26:396][  0]LogConfig: Setting CVar [[r.MotionBlurQuality:4]]
[2024.02.27-05.09.26:396][  0]LogConfig: Setting CVar [[r.AmbientOcclusionMipLevelFactor:0.4]]
[2024.02.27-05.09.26:396][  0]LogConfig: Setting CVar [[r.AmbientOcclusionMaxQuality:100]]
[2024.02.27-05.09.26:396][  0]LogConfig: Setting CVar [[r.AmbientOcclusionLevels:-1]]
[2024.02.27-05.09.26:396][  0]LogConfig: Setting CVar [[r.AmbientOcclusionRadiusScale:1.0]]
[2024.02.27-05.09.26:396][  0]LogConfig: Setting CVar [[r.DepthOfFieldQuality:2]]
[2024.02.27-05.09.26:396][  0]LogConfig: Setting CVar [[r.RenderTargetPoolMin:400]]
[2024.02.27-05.09.26:396][  0]LogConfig: Setting CVar [[r.LensFlareQuality:2]]
[2024.02.27-05.09.26:396][  0]LogConfig: Setting CVar [[r.SceneColorFringeQuality:1]]
[2024.02.27-05.09.26:396][  0]LogConfig: Setting CVar [[r.EyeAdaptationQuality:2]]
[2024.02.27-05.09.26:396][  0]LogConfig: Setting CVar [[r.BloomQuality:5]]
[2024.02.27-05.09.26:396][  0]LogConfig: Setting CVar [[r.FastBlurThreshold:100]]
[2024.02.27-05.09.26:396][  0]LogConfig: Setting CVar [[r.Upscale.Quality:3]]
[2024.02.27-05.09.26:396][  0]LogConfig: Setting CVar [[r.Tonemapper.GrainQuantization:1]]
[2024.02.27-05.09.26:396][  0]LogConfig: Setting CVar [[r.LightShaftQuality:1]]
[2024.02.27-05.09.26:396][  0]LogConfig: Setting CVar [[r.Filter.SizeScale:1]]
[2024.02.27-05.09.26:396][  0]LogConfig: Setting CVar [[r.Tonemapper.Quality:5]]
[2024.02.27-05.09.26:396][  0]LogConfig: Setting CVar [[r.DOF.Gather.AccumulatorQuality:1        ; higher gathering accumulator quality]]
[2024.02.27-05.09.26:396][  0]LogConfig: Setting CVar [[r.DOF.Gather.PostfilterMethod:1          ; Median3x3 postfilering method]]
[2024.02.27-05.09.26:396][  0]LogConfig: Setting CVar [[r.DOF.Gather.EnableBokehSettings:0       ; no bokeh simulation when gathering]]
[2024.02.27-05.09.26:396][  0]LogConfig: Setting CVar [[r.DOF.Gather.RingCount:4                 ; medium number of samples when gathering]]
[2024.02.27-05.09.26:396][  0]LogConfig: Setting CVar [[r.DOF.Scatter.ForegroundCompositing:1    ; additive foreground scattering]]
[2024.02.27-05.09.26:396][  0]LogConfig: Setting CVar [[r.DOF.Scatter.BackgroundCompositing:2    ; additive background scattering]]
[2024.02.27-05.09.26:396][  0]LogConfig: Setting CVar [[r.DOF.Scatter.EnableBokehSettings:1      ; bokeh simulation when scattering]]
[2024.02.27-05.09.26:396][  0]LogConfig: Setting CVar [[r.DOF.Scatter.MaxSpriteRatio:0.1         ; only a maximum of 10% of scattered bokeh]]
[2024.02.27-05.09.26:396][  0]LogConfig: Setting CVar [[r.DOF.Recombine.Quality:1                ; cheap slight out of focus]]
[2024.02.27-05.09.26:396][  0]LogConfig: Setting CVar [[r.DOF.Recombine.EnableBokehSettings:0    ; no bokeh simulation on slight out of focus]]
[2024.02.27-05.09.26:396][  0]LogConfig: Setting CVar [[r.DOF.TemporalAAQuality:1                ; more stable temporal accumulation]]
[2024.02.27-05.09.26:396][  0]LogConfig: Setting CVar [[r.DOF.Kernel.MaxForegroundRadius:0.025]]
[2024.02.27-05.09.26:396][  0]LogConfig: Setting CVar [[r.DOF.Kernel.MaxBackgroundRadius:0.025]]
[2024.02.27-05.09.26:396][  0]LogConfig: Applying CVar settings from Section [TextureQuality@3] File [C:/Users/arkchimy/Documents/quarter-view_project/LostArk/Saved/Config/Windows/Scalability.ini]
[2024.02.27-05.09.26:396][  0]LogConfig: Setting CVar [[r.Streaming.MipBias:0]]
[2024.02.27-05.09.26:396][  0]LogConfig: Setting CVar [[r.Streaming.AmortizeCPUToGPUCopy:0]]
[2024.02.27-05.09.26:396][  0]LogConfig: Setting CVar [[r.Streaming.MaxNumTexturesToStreamPerFrame:0]]
[2024.02.27-05.09.26:396][  0]LogConfig: Setting CVar [[r.Streaming.Boost:1]]
[2024.02.27-05.09.26:396][  0]LogConfig: Setting CVar [[r.MaxAnisotropy:8]]
[2024.02.27-05.09.26:396][  0]LogConfig: Setting CVar [[r.VT.MaxAnisotropy:8]]
[2024.02.27-05.09.26:396][  0]LogConfig: Setting CVar [[r.Streaming.LimitPoolSizeToVRAM:0]]
[2024.02.27-05.09.26:396][  0]LogConfig: Setting CVar [[r.Streaming.PoolSize:1000]]
[2024.02.27-05.09.26:396][  0]LogConfig: Setting CVar [[r.Streaming.MaxEffectiveScreenSize:0]]
[2024.02.27-05.09.26:396][  0]LogConfig: Applying CVar settings from Section [EffectsQuality@3] File [C:/Users/arkchimy/Documents/quarter-view_project/LostArk/Saved/Config/Windows/Scalability.ini]
[2024.02.27-05.09.26:396][  0]LogConfig: Setting CVar [[r.TranslucencyLightingVolumeDim:64]]
[2024.02.27-05.09.26:396][  0]LogConfig: Setting CVar [[r.RefractionQuality:2]]
[2024.02.27-05.09.26:396][  0]LogConfig: Setting CVar [[r.SSR.Quality:3]]
[2024.02.27-05.09.26:396][  0]LogConfig: Setting CVar [[r.SSR.HalfResSceneColor:0]]
[2024.02.27-05.09.26:396][  0]LogConfig: Setting CVar [[r.SceneColorFormat:4]]
[2024.02.27-05.09.26:396][  0]LogConfig: Setting CVar [[r.DetailMode:2]]
[2024.02.27-05.09.26:396][  0]LogConfig: Setting CVar [[r.TranslucencyVolumeBlur:1]]
[2024.02.27-05.09.26:396][  0]LogConfig: Setting CVar [[r.MaterialQualityLevel:1 ; High quality]]
[2024.02.27-05.09.26:396][  0]LogConfig: Setting CVar [[r.AnisotropicMaterials:1]]
[2024.02.27-05.09.26:396][  0]LogConfig: Setting CVar [[r.SSS.Scale:1]]
[2024.02.27-05.09.26:396][  0]LogConfig: Setting CVar [[r.SSS.SampleSet:2]]
[2024.02.27-05.09.26:396][  0]LogConfig: Setting CVar [[r.SSS.Quality:1]]
[2024.02.27-05.09.26:396][  0]LogConfig: Setting CVar [[r.SSS.HalfRes:0]]
[2024.02.27-05.09.26:396][  0]LogConfig: Setting CVar [[r.SSGI.Quality:3]]
[2024.02.27-05.09.26:396][  0]LogConfig: Setting CVar [[r.EmitterSpawnRateScale:1.0]]
[2024.02.27-05.09.26:396][  0]LogConfig: Setting CVar [[r.ParticleLightQuality:2]]
[2024.02.27-05.09.26:396][  0]LogConfig: Setting CVar [[r.SkyAtmosphere.AerialPerspectiveLUT.FastApplyOnOpaque:1 ; Always have FastSkyLUT 1 in this case to avoid wrong sky]]
[2024.02.27-05.09.26:396][  0]LogConfig: Setting CVar [[r.SkyAtmosphere.AerialPerspectiveLUT.SampleCountMaxPerSlice:4]]
[2024.02.27-05.09.26:396][  0]LogConfig: Setting CVar [[r.SkyAtmosphere.AerialPerspectiveLUT.DepthResolution:16.0]]
[2024.02.27-05.09.26:396][  0]LogConfig: Setting CVar [[r.SkyAtmosphere.FastSkyLUT:1]]
[2024.02.27-05.09.26:396][  0]LogConfig: Setting CVar [[r.SkyAtmosphere.FastSkyLUT.SampleCountMin:4.0]]
[2024.02.27-05.09.26:396][  0]LogConfig: Setting CVar [[r.SkyAtmosphere.FastSkyLUT.SampleCountMax:128.0]]
[2024.02.27-05.09.26:396][  0]LogConfig: Setting CVar [[r.SkyAtmosphere.SampleCountMin:4.0]]
[2024.02.27-05.09.26:396][  0]LogConfig: Setting CVar [[r.SkyAtmosphere.SampleCountMax:128.0]]
[2024.02.27-05.09.26:396][  0]LogConfig: Setting CVar [[r.SkyAtmosphere.TransmittanceLUT.UseSmallFormat:0]]
[2024.02.27-05.09.26:396][  0]LogConfig: Setting CVar [[r.SkyAtmosphere.TransmittanceLUT.SampleCount:10.0]]
[2024.02.27-05.09.26:396][  0]LogConfig: Setting CVar [[r.SkyAtmosphere.MultiScatteringLUT.SampleCount:15.0]]
[2024.02.27-05.09.26:396][  0]LogConfig: Setting CVar [[r.SkyLight.RealTimeReflectionCapture:1]]
[2024.02.27-05.09.26:396][  0]LogConfig: Applying CVar settings from Section [FoliageQuality@3] File [C:/Users/arkchimy/Documents/quarter-view_project/LostArk/Saved/Config/Windows/Scalability.ini]
[2024.02.27-05.09.26:396][  0]LogConfig: Setting CVar [[foliage.DensityScale:1.0]]
[2024.02.27-05.09.26:396][  0]LogConfig: Setting CVar [[grass.DensityScale:1.0]]
[2024.02.27-05.09.26:396][  0]LogConfig: Applying CVar settings from Section [ShadingQuality@3] File [C:/Users/arkchimy/Documents/quarter-view_project/LostArk/Saved/Config/Windows/Scalability.ini]
[2024.02.27-05.09.26:396][  0]LogConfig: Setting CVar [[r.HairStrands.SkyLighting.IntegrationType:2]]
[2024.02.27-05.09.26:396][  0]LogConfig: Setting CVar [[r.HairStrands.SkyAO.SampleCount:4]]
[2024.02.27-05.09.26:396][  0]LogConfig: Setting CVar [[r.HairStrands.Visibility.MSAA.SamplePerPixel:4]]
[2024.02.27-05.09.26:396][  0]LogInit: Selected Device Profile: [Windows]
[2024.02.27-05.09.26:396][  0]LogInit: Applying CVar settings loaded from the selected device profile: [Windows]
[2024.02.27-05.09.26:397][  0]LogHAL: Display: Platform has ~ 24 GB [25706405888 / 34359738368 / 24], which maps to Larger [LargestMinGB=32, LargerMinGB=12, DefaultMinGB=8, SmallerMinGB=6, SmallestMinGB=0)
[2024.02.27-05.09.26:397][  0]LogInit: Going up to parent DeviceProfile []
[2024.02.27-05.09.26:397][  0]LogConfig: Applying CVar settings from Section [ViewDistanceQuality@3] File [C:/Users/arkchimy/Documents/quarter-view_project/LostArk/Saved/Config/Windows/Scalability.ini]
[2024.02.27-05.09.26:397][  0]LogConfig: Setting CVar [[r.SkeletalMeshLODBias:0]]
[2024.02.27-05.09.26:397][  0]LogConfig: Setting CVar [[r.ViewDistanceScale:1.0]]
[2024.02.27-05.09.26:397][  0]LogConfig: Applying CVar settings from Section [AntiAliasingQuality@3] File [C:/Users/arkchimy/Documents/quarter-view_project/LostArk/Saved/Config/Windows/Scalability.ini]
[2024.02.27-05.09.26:397][  0]LogConfig: Setting CVar [[r.PostProcessAAQuality:4]]
[2024.02.27-05.09.26:397][  0]LogConfig: Applying CVar settings from Section [ShadowQuality@3] File [C:/Users/arkchimy/Documents/quarter-view_project/LostArk/Saved/Config/Windows/Scalability.ini]
[2024.02.27-05.09.26:397][  0]LogConfig: Setting CVar [[r.LightFunctionQuality:1]]
[2024.02.27-05.09.26:397][  0]LogConfig: Setting CVar [[r.ShadowQuality:5]]
[2024.02.27-05.09.26:397][  0]LogConfig: Setting CVar [[r.Shadow.CSM.MaxCascades:10]]
[2024.02.27-05.09.26:397][  0]LogConfig: Setting CVar [[r.Shadow.MaxResolution:2048]]
[2024.02.27-05.09.26:397][  0]LogConfig: Setting CVar [[r.Shadow.MaxCSMResolution:2048]]
[2024.02.27-05.09.26:397][  0]LogConfig: Setting CVar [[r.Shadow.RadiusThreshold:0.01]]
[2024.02.27-05.09.26:397][  0]LogConfig: Setting CVar [[r.Shadow.DistanceScale:1.0]]
[2024.02.27-05.09.26:397][  0]LogConfig: Setting CVar [[r.Shadow.CSM.TransitionScale:1.0]]
[2024.02.27-05.09.26:397][  0]LogConfig: Setting CVar [[r.Shadow.PreShadowResolutionFactor:1.0]]
[2024.02.27-05.09.26:397][  0]LogConfig: Setting CVar [[r.DistanceFieldShadowing:1]]
[2024.02.27-05.09.26:397][  0]LogConfig: Setting CVar [[r.DistanceFieldAO:1]]
[2024.02.27-05.09.26:397][  0]LogConfig: Setting CVar [[r.AOQuality:2]]
[2024.02.27-05.09.26:397][  0]LogConfig: Setting CVar [[r.VolumetricFog:1]]
[2024.02.27-05.09.26:397][  0]LogConfig: Setting CVar [[r.VolumetricFog.GridPixelSize:8]]
[2024.02.27-05.09.26:397][  0]LogConfig: Setting CVar [[r.VolumetricFog.GridSizeZ:128]]
[2024.02.27-05.09.26:397][  0]LogConfig: Setting CVar [[r.VolumetricFog.HistoryMissSupersampleCount:4]]
[2024.02.27-05.09.26:397][  0]LogConfig: Setting CVar [[r.LightMaxDrawDistanceScale:1]]
[2024.02.27-05.09.26:397][  0]LogConfig: Setting CVar [[r.CapsuleShadows:1]]
[2024.02.27-05.09.26:397][  0]LogConfig: Applying CVar settings from Section [PostProcessQuality@3] File [C:/Users/arkchimy/Documents/quarter-view_project/LostArk/Saved/Config/Windows/Scalability.ini]
[2024.02.27-05.09.26:397][  0]LogConfig: Setting CVar [[r.MotionBlurQuality:4]]
[2024.02.27-05.09.26:397][  0]LogConfig: Setting CVar [[r.AmbientOcclusionMipLevelFactor:0.4]]
[2024.02.27-05.09.26:397][  0]LogConfig: Setting CVar [[r.AmbientOcclusionMaxQuality:100]]
[2024.02.27-05.09.26:397][  0]LogConfig: Setting CVar [[r.AmbientOcclusionLevels:-1]]
[2024.02.27-05.09.26:397][  0]LogConfig: Setting CVar [[r.AmbientOcclusionRadiusScale:1.0]]
[2024.02.27-05.09.26:397][  0]LogConfig: Setting CVar [[r.DepthOfFieldQuality:2]]
[2024.02.27-05.09.26:397][  0]LogConfig: Setting CVar [[r.RenderTargetPoolMin:400]]
[2024.02.27-05.09.26:397][  0]LogConfig: Setting CVar [[r.LensFlareQuality:2]]
[2024.02.27-05.09.26:397][  0]LogConfig: Setting CVar [[r.SceneColorFringeQuality:1]]
[2024.02.27-05.09.26:397][  0]LogConfig: Setting CVar [[r.EyeAdaptationQuality:2]]
[2024.02.27-05.09.26:397][  0]LogConfig: Setting CVar [[r.BloomQuality:5]]
[2024.02.27-05.09.26:397][  0]LogConfig: Setting CVar [[r.FastBlurThreshold:100]]
[2024.02.27-05.09.26:397][  0]LogConfig: Setting CVar [[r.Upscale.Quality:3]]
[2024.02.27-05.09.26:397][  0]LogConfig: Setting CVar [[r.Tonemapper.GrainQuantization:1]]
[2024.02.27-05.09.26:397][  0]LogConfig: Setting CVar [[r.LightShaftQuality:1]]
[2024.02.27-05.09.26:397][  0]LogConfig: Setting CVar [[r.Filter.SizeScale:1]]
[2024.02.27-05.09.26:397][  0]LogConfig: Setting CVar [[r.Tonemapper.Quality:5]]
[2024.02.27-05.09.26:397][  0]LogConfig: Setting CVar [[r.DOF.Gather.AccumulatorQuality:1        ; higher gathering accumulator quality]]
[2024.02.27-05.09.26:397][  0]LogConfig: Setting CVar [[r.DOF.Gather.PostfilterMethod:1          ; Median3x3 postfilering method]]
[2024.02.27-05.09.26:398][  0]LogConfig: Setting CVar [[r.DOF.Gather.EnableBokehSettings:0       ; no bokeh simulation when gathering]]
[2024.02.27-05.09.26:398][  0]LogConfig: Setting CVar [[r.DOF.Gather.RingCount:4                 ; medium number of samples when gathering]]
[2024.02.27-05.09.26:398][  0]LogConfig: Setting CVar [[r.DOF.Scatter.ForegroundCompositing:1    ; additive foreground scattering]]
[2024.02.27-05.09.26:398][  0]LogConfig: Setting CVar [[r.DOF.Scatter.BackgroundCompositing:2    ; additive background scattering]]
[2024.02.27-05.09.26:398][  0]LogConfig: Setting CVar [[r.DOF.Scatter.EnableBokehSettings:1      ; bokeh simulation when scattering]]
[2024.02.27-05.09.26:398][  0]LogConfig: Setting CVar [[r.DOF.Scatter.MaxSpriteRatio:0.1         ; only a maximum of 10% of scattered bokeh]]
[2024.02.27-05.09.26:398][  0]LogConfig: Setting CVar [[r.DOF.Recombine.Quality:1                ; cheap slight out of focus]]
[2024.02.27-05.09.26:398][  0]LogConfig: Setting CVar [[r.DOF.Recombine.EnableBokehSettings:0    ; no bokeh simulation on slight out of focus]]
[2024.02.27-05.09.26:398][  0]LogConfig: Setting CVar [[r.DOF.TemporalAAQuality:1                ; more stable temporal accumulation]]
[2024.02.27-05.09.26:398][  0]LogConfig: Setting CVar [[r.DOF.Kernel.MaxForegroundRadius:0.025]]
[2024.02.27-05.09.26:398][  0]LogConfig: Setting CVar [[r.DOF.Kernel.MaxBackgroundRadius:0.025]]
[2024.02.27-05.09.26:398][  0]LogConfig: Applying CVar settings from Section [TextureQuality@3] File [C:/Users/arkchimy/Documents/quarter-view_project/LostArk/Saved/Config/Windows/Scalability.ini]
[2024.02.27-05.09.26:398][  0]LogConfig: Setting CVar [[r.Streaming.MipBias:0]]
[2024.02.27-05.09.26:398][  0]LogConfig: Setting CVar [[r.Streaming.AmortizeCPUToGPUCopy:0]]
[2024.02.27-05.09.26:398][  0]LogConfig: Setting CVar [[r.Streaming.MaxNumTexturesToStreamPerFrame:0]]
[2024.02.27-05.09.26:398][  0]LogConfig: Setting CVar [[r.Streaming.Boost:1]]
[2024.02.27-05.09.26:398][  0]LogConfig: Setting CVar [[r.MaxAnisotropy:8]]
[2024.02.27-05.09.26:398][  0]LogConfig: Setting CVar [[r.VT.MaxAnisotropy:8]]
[2024.02.27-05.09.26:398][  0]LogConfig: Setting CVar [[r.Streaming.LimitPoolSizeToVRAM:0]]
[2024.02.27-05.09.26:398][  0]LogConfig: Setting CVar [[r.Streaming.PoolSize:1000]]
[2024.02.27-05.09.26:398][  0]LogConfig: Setting CVar [[r.Streaming.MaxEffectiveScreenSize:0]]
[2024.02.27-05.09.26:398][  0]LogConfig: Applying CVar settings from Section [EffectsQuality@3] File [C:/Users/arkchimy/Documents/quarter-view_project/LostArk/Saved/Config/Windows/Scalability.ini]
[2024.02.27-05.09.26:398][  0]LogConfig: Setting CVar [[r.TranslucencyLightingVolumeDim:64]]
[2024.02.27-05.09.26:398][  0]LogConfig: Setting CVar [[r.RefractionQuality:2]]
[2024.02.27-05.09.26:398][  0]LogConfig: Setting CVar [[r.SSR.Quality:3]]
[2024.02.27-05.09.26:398][  0]LogConfig: Setting CVar [[r.SSR.HalfResSceneColor:0]]
[2024.02.27-05.09.26:398][  0]LogConfig: Setting CVar [[r.SceneColorFormat:4]]
[2024.02.27-05.09.26:398][  0]LogConfig: Setting CVar [[r.DetailMode:2]]
[2024.02.27-05.09.26:398][  0]LogConfig: Setting CVar [[r.TranslucencyVolumeBlur:1]]
[2024.02.27-05.09.26:398][  0]LogConfig: Setting CVar [[r.MaterialQualityLevel:1 ; High quality]]
[2024.02.27-05.09.26:398][  0]LogConfig: Setting CVar [[r.AnisotropicMaterials:1]]
[2024.02.27-05.09.26:398][  0]LogConfig: Setting CVar [[r.SSS.Scale:1]]
[2024.02.27-05.09.26:398][  0]LogConfig: Setting CVar [[r.SSS.SampleSet:2]]
[2024.02.27-05.09.26:398][  0]LogConfig: Setting CVar [[r.SSS.Quality:1]]
[2024.02.27-05.09.26:398][  0]LogConfig: Setting CVar [[r.SSS.HalfRes:0]]
[2024.02.27-05.09.26:398][  0]LogConfig: Setting CVar [[r.SSGI.Quality:3]]
[2024.02.27-05.09.26:398][  0]LogConfig: Setting CVar [[r.EmitterSpawnRateScale:1.0]]
[2024.02.27-05.09.26:398][  0]LogConfig: Setting CVar [[r.ParticleLightQuality:2]]
[2024.02.27-05.09.26:398][  0]LogConfig: Setting CVar [[r.SkyAtmosphere.AerialPerspectiveLUT.FastApplyOnOpaque:1 ; Always have FastSkyLUT 1 in this case to avoid wrong sky]]
[2024.02.27-05.09.26:398][  0]LogConfig: Setting CVar [[r.SkyAtmosphere.AerialPerspectiveLUT.SampleCountMaxPerSlice:4]]
[2024.02.27-05.09.26:398][  0]LogConfig: Setting CVar [[r.SkyAtmosphere.AerialPerspectiveLUT.DepthResolution:16.0]]
[2024.02.27-05.09.26:398][  0]LogConfig: Setting CVar [[r.SkyAtmosphere.FastSkyLUT:1]]
[2024.02.27-05.09.26:398][  0]LogConfig: Setting CVar [[r.SkyAtmosphere.FastSkyLUT.SampleCountMin:4.0]]
[2024.02.27-05.09.26:398][  0]LogConfig: Setting CVar [[r.SkyAtmosphere.FastSkyLUT.SampleCountMax:128.0]]
[2024.02.27-05.09.26:398][  0]LogConfig: Setting CVar [[r.SkyAtmosphere.SampleCountMin:4.0]]
[2024.02.27-05.09.26:398][  0]LogConfig: Setting CVar [[r.SkyAtmosphere.SampleCountMax:128.0]]
[2024.02.27-05.09.26:398][  0]LogConfig: Setting CVar [[r.SkyAtmosphere.TransmittanceLUT.UseSmallFormat:0]]
[2024.02.27-05.09.26:398][  0]LogConfig: Setting CVar [[r.SkyAtmosphere.TransmittanceLUT.SampleCount:10.0]]
[2024.02.27-05.09.26:398][  0]LogConfig: Setting CVar [[r.SkyAtmosphere.MultiScatteringLUT.SampleCount:15.0]]
[2024.02.27-05.09.26:398][  0]LogConfig: Setting CVar [[r.SkyLight.RealTimeReflectionCapture:1]]
[2024.02.27-05.09.26:399][  0]LogConfig: Applying CVar settings from Section [FoliageQuality@3] File [C:/Users/arkchimy/Documents/quarter-view_project/LostArk/Saved/Config/Windows/Scalability.ini]
[2024.02.27-05.09.26:399][  0]LogConfig: Setting CVar [[foliage.DensityScale:1.0]]
[2024.02.27-05.09.26:399][  0]LogConfig: Setting CVar [[grass.DensityScale:1.0]]
[2024.02.27-05.09.26:399][  0]LogConfig: Applying CVar settings from Section [ShadingQuality@3] File [C:/Users/arkchimy/Documents/quarter-view_project/LostArk/Saved/Config/Windows/Scalability.ini]
[2024.02.27-05.09.26:399][  0]LogConfig: Setting CVar [[r.HairStrands.SkyLighting.IntegrationType:2]]
[2024.02.27-05.09.26:399][  0]LogConfig: Setting CVar [[r.HairStrands.SkyAO.SampleCount:4]]
[2024.02.27-05.09.26:399][  0]LogConfig: Setting CVar [[r.HairStrands.Visibility.MSAA.SamplePerPixel:4]]
[2024.02.27-05.09.26:399][  0]LogConfig: Applying CVar settings from Section [Startup] File [../../../Engine/Config/ConsoleVariables.ini]
[2024.02.27-05.09.26:399][  0]LogConfig: Setting CVar [[net.UseAdaptiveNetUpdateFrequency:0]]
[2024.02.27-05.09.26:399][  0]LogConfig: Setting CVar [[p.chaos.AllowCreatePhysxBodies:1]]
[2024.02.27-05.09.26:399][  0]LogConfig: Setting CVar [[fx.SkipVectorVMBackendOptimizations:1]]
[2024.02.27-05.09.26:399][  0]LogConfig: Applying CVar settings from Section [ConsoleVariables] File [C:/Users/arkchimy/Documents/quarter-view_project/LostArk/Saved/Config/Windows/Engine.ini]
[2024.02.27-05.09.26:399][  0]LogConfig: Applying CVar settings from Section [ConsoleVariables] File [C:/Users/arkchimy/Documents/quarter-view_project/LostArk/Saved/Config/Windows/Editor.ini]
[2024.02.27-05.09.26:399][  0]LogInit: Computer: DESKTOP-Q812QL4
[2024.02.27-05.09.26:400][  0]LogInit: User: arkchimy
[2024.02.27-05.09.26:400][  0]LogInit: CPU Page size=4096, Cores=6
[2024.02.27-05.09.26:400][  0]LogInit: High frequency timer resolution =10.000000 MHz
[2024.02.27-05.09.26:400][  0]LogMemory: Memory total: Physical=23.9GB (24GB approx)
[2024.02.27-05.09.26:400][  0]LogMemory: Platform Memory Stats for Windows
[2024.02.27-05.09.26:400][  0]LogMemory: Process Physical Memory: 144.25 MB used, 144.25 MB peak
[2024.02.27-05.09.26:400][  0]LogMemory: Process Virtual Memory: 113.91 MB used, 113.91 MB peak
[2024.02.27-05.09.26:400][  0]LogMemory: Physical Memory: 12835.55 MB used,  11679.99 MB free, 24515.54 MB total
[2024.02.27-05.09.26:400][  0]LogMemory: Virtual Memory: 134205472.00 MB used,  12259.44 MB free, 134217728.00 MB total
[2024.02.27-05.09.26:411][  0]LogWindows: WindowsPlatformFeatures enabled
[2024.02.27-05.09.26:527][  0]LogInit: Physics initialised using underlying interface: PhysX
[2024.02.27-05.09.26:528][  0]LogInit: Using OS detected language (ko-KR).
[2024.02.27-05.09.26:528][  0]LogInit: Using OS detected locale (ko-KR).
[2024.02.27-05.09.26:541][  0]LogTextLocalizationManager: No specific localization for 'ko-KR' exists, so the 'ko' localization will be used.
[2024.02.27-05.09.26:738][  0]LogInit: Setting process to per monitor DPI aware
[2024.02.27-05.09.26:773][  0]LogWindowsTextInputMethodSystem: Display: IME system deactivated.
[2024.02.27-05.09.26:791][  0]LogSlate: New Slate User Created.  User Index 0, Is Virtual User: 0
[2024.02.27-05.09.26:791][  0]LogSlate: Slate User Registered.  User Index 0, Is Virtual User: 0
[2024.02.27-05.09.27:403][  0]LogD3D11RHI: Loaded GFSDK_Aftermath_Lib.x64.dll
[2024.02.27-05.09.27:408][  0]LogHMD: Failed to initialize OpenVR with code 110
[2024.02.27-05.09.27:408][  0]LogD3D11RHI: D3D11 min allowed feature level: 11_0
[2024.02.27-05.09.27:408][  0]LogD3D11RHI: D3D11 max allowed feature level: 11_0
[2024.02.27-05.09.27:408][  0]LogD3D11RHI: D3D11 adapters:
[2024.02.27-05.09.27:950][  0]LogD3D11RHI:    0. 'NVIDIA GeForce GTX 1060 3GB' (Feature Level 11_0)
[2024.02.27-05.09.27:950][  0]LogD3D11RHI:       2979/0/12257 MB DedicatedVideo/DedicatedSystem/SharedSystem, Outputs:1, VendorId:0x10de
[2024.02.27-05.09.27:953][  0]LogD3D11RHI:    1. 'Microsoft Basic Render Driver' (Feature Level 11_0)
[2024.02.27-05.09.27:953][  0]LogD3D11RHI:       0/0/12257 MB DedicatedVideo/DedicatedSystem/SharedSystem, Outputs:0, VendorId:0x1414
[2024.02.27-05.09.27:953][  0]LogD3D11RHI: Chosen D3D11 Adapter:
[2024.02.27-05.09.27:953][  0]LogD3D11RHI:     Description : NVIDIA GeForce GTX 1060 3GB
[2024.02.27-05.09.27:953][  0]LogD3D11RHI:     VendorId    : 10de
[2024.02.27-05.09.27:953][  0]LogD3D11RHI:     DeviceId    : 1c02
[2024.02.27-05.09.27:953][  0]LogD3D11RHI:     SubSysId    : 32871462
[2024.02.27-05.09.27:953][  0]LogD3D11RHI:     Revision    : 00a1
[2024.02.27-05.09.27:953][  0]LogD3D11RHI:     DedicatedVideoMemory : 3123707904 bytes
[2024.02.27-05.09.27:953][  0]LogD3D11RHI:     DedicatedSystemMemory : 0 bytes
[2024.02.27-05.09.27:954][  0]LogD3D11RHI:     SharedSystemMemory : 12853202944 bytes
[2024.02.27-05.09.27:954][  0]LogD3D11RHI:     AdapterLuid : 0 46780
[2024.02.27-05.09.27:961][  0]LogD3D11RHI: Creating new Direct3DDevice
[2024.02.27-05.09.27:961][  0]LogD3D11RHI:     GPU DeviceId: 0x1c02 (for the marketing name, search the web for "GPU Device Id")
[2024.02.27-05.09.27:961][  0]LogWindows: EnumDisplayDevices:
[2024.02.27-05.09.27:962][  0]LogWindows:    0. 'NVIDIA GeForce GTX 1060 3GB' (P:1 D:1)
[2024.02.27-05.09.27:962][  0]LogWindows:    1. 'NVIDIA GeForce GTX 1060 3GB' (P:0 D:0)
[2024.02.27-05.09.27:963][  0]LogWindows:    2. 'NVIDIA GeForce GTX 1060 3GB' (P:0 D:0)
[2024.02.27-05.09.27:963][  0]LogWindows:    3. 'NVIDIA GeForce GTX 1060 3GB' (P:0 D:0)
[2024.02.27-05.09.27:964][  0]LogWindows: DebugString: FoundDriverCount:4 
[2024.02.27-05.09.27:964][  0]LogD3D11RHI:     Adapter Name: NVIDIA GeForce GTX 1060 3GB
[2024.02.27-05.09.27:964][  0]LogD3D11RHI:   Driver Version: 546.65 (internal:31.0.15.4665, unified:546.65)
[2024.02.27-05.09.27:964][  0]LogD3D11RHI:      Driver Date: 1-12-2024
[2024.02.27-05.09.27:964][  0]LogRHI: Texture pool is 2085 MB (70% of 2979 MB)
[2024.02.27-05.09.27:964][  0]LogD3D11RHI: Creating D3DDevice using adapter:
[2024.02.27-05.09.27:964][  0]LogD3D11RHI:     Description : NVIDIA GeForce GTX 1060 3GB
[2024.02.27-05.09.27:964][  0]LogD3D11RHI:     VendorId    : 10de
[2024.02.27-05.09.27:964][  0]LogD3D11RHI:     DeviceId    : 1c02
[2024.02.27-05.09.27:964][  0]LogD3D11RHI:     SubSysId    : 32871462
[2024.02.27-05.09.27:964][  0]LogD3D11RHI:     Revision    : 00a1
[2024.02.27-05.09.27:964][  0]LogD3D11RHI:     DedicatedVideoMemory : 3123707904 bytes
[2024.02.27-05.09.27:964][  0]LogD3D11RHI:     DedicatedSystemMemory : 0 bytes
[2024.02.27-05.09.27:964][  0]LogD3D11RHI:     SharedSystemMemory : 12853202944 bytes
[2024.02.27-05.09.27:964][  0]LogD3D11RHI:     AdapterLuid : 0 46780
[2024.02.27-05.09.28:136][  0]LogD3D11RHI: RHI has support for 64 bit atomics
[2024.02.27-05.09.28:137][  0]LogD3D11RHI: Async texture creation enabled
[2024.02.27-05.09.28:137][  0]LogD3D11RHI: Array index from any shader is supported
[2024.02.27-05.09.28:161][  0]LogD3D11RHI: GPU Timing Frequency: 1000.000000 (Debug: 2 1)
[2024.02.27-05.09.28:253][  0]LogRHI: GeForceNow SDK initialized: 1
[2024.02.27-05.09.28:765][  0]LogTargetPlatformManager: Display: Loaded TargetPlatform 'AllDesktop'
[2024.02.27-05.09.28:803][  0]LogTargetPlatformManager: Display: Loaded TargetPlatform 'Android'
[2024.02.27-05.09.28:803][  0]LogTargetPlatformManager: Display: Loaded TargetPlatform 'Android_ASTC'
[2024.02.27-05.09.28:803][  0]LogTargetPlatformManager: Display: Loaded TargetPlatform 'Android_DXT'
[2024.02.27-05.09.28:803][  0]LogTargetPlatformManager: Display: Loaded TargetPlatform 'Android_ETC2'
[2024.02.27-05.09.28:803][  0]LogTargetPlatformManager: Display: Loaded TargetPlatform 'AndroidClient'
[2024.02.27-05.09.28:804][  0]LogTargetPlatformManager: Display: Loaded TargetPlatform 'Android_ASTCClient'
[2024.02.27-05.09.28:804][  0]LogTargetPlatformManager: Display: Loaded TargetPlatform 'Android_DXTClient'
[2024.02.27-05.09.28:804][  0]LogTargetPlatformManager: Display: Loaded TargetPlatform 'Android_ETC2Client'
[2024.02.27-05.09.28:804][  0]LogTargetPlatformManager: Display: Loaded TargetPlatform 'Android_Multi'
[2024.02.27-05.09.28:804][  0]LogTargetPlatformManager: Display: Loaded TargetPlatform 'Android_MultiClient'
[2024.02.27-05.09.28:839][  0]LogTargetPlatformManager: Display: Loaded TargetPlatform 'IOSClient'
[2024.02.27-05.09.28:839][  0]LogTargetPlatformManager: Display: Loaded TargetPlatform 'IOS'
[2024.02.27-05.09.28:861][  0]LogTargetPlatformManager: Display: Loaded TargetPlatform 'Linux'
[2024.02.27-05.09.28:869][  0]LogTargetPlatformManager: Display: Loaded TargetPlatform 'LinuxNoEditor'
[2024.02.27-05.09.28:878][  0]LogTargetPlatformManager: Display: Loaded TargetPlatform 'LinuxClient'
[2024.02.27-05.09.28:887][  0]LogTargetPlatformManager: Display: Loaded TargetPlatform 'LinuxServer'
[2024.02.27-05.09.28:905][  0]LogTargetPlatformManager: Display: Loaded TargetPlatform 'LinuxAArch64NoEditor'
[2024.02.27-05.09.28:913][  0]LogTargetPlatformManager: Display: Loaded TargetPlatform 'LinuxAArch64Client'
[2024.02.27-05.09.28:921][  0]LogTargetPlatformManager: Display: Loaded TargetPlatform 'LinuxAArch64Server'
[2024.02.27-05.09.28:968][  0]LogTargetPlatformManager: Display: Loaded TargetPlatform 'Lumin'
[2024.02.27-05.09.28:968][  0]LogTargetPlatformManager: Display: Loaded TargetPlatform 'LuminClient'
[2024.02.27-05.09.28:983][  0]LogTargetPlatformManager: Display: Loaded TargetPlatform 'MacNoEditor'
[2024.02.27-05.09.28:991][  0]LogTargetPlatformManager: Display: Loaded TargetPlatform 'Mac'
[2024.02.27-05.09.28:999][  0]LogTargetPlatformManager: Display: Loaded TargetPlatform 'MacClient'
[2024.02.27-05.09.29:007][  0]LogTargetPlatformManager: Display: Loaded TargetPlatform 'MacServer'
[2024.02.27-05.09.29:025][  0]LogTargetPlatformManager: Display: Loaded TargetPlatform 'TVOSClient'
[2024.02.27-05.09.29:025][  0]LogTargetPlatformManager: Display: Loaded TargetPlatform 'TVOS'
[2024.02.27-05.09.29:041][  0]LogTargetPlatformManager: Display: Loaded TargetPlatform 'WindowsNoEditor'
[2024.02.27-05.09.29:048][  0]LogTargetPlatformManager: Display: Loaded TargetPlatform 'Windows'
[2024.02.27-05.09.29:055][  0]LogTargetPlatformManager: Display: Loaded TargetPlatform 'WindowsClient'
[2024.02.27-05.09.29:063][  0]LogTargetPlatformManager: Display: Loaded TargetPlatform 'WindowsServer'
[2024.02.27-05.09.29:063][  0]LogTargetPlatformManager: Display: Building Assets For Windows
[2024.02.27-05.09.29:077][  0]LogAudioDebug: Display: Lib vorbis DLL was dynamically loaded.
[2024.02.27-05.09.29:144][  0]LogTextureFormatOodle: Display: Oodle Texture 2.9.0 init RDO Off
[2024.02.27-05.09.29:204][  0]LogRendererCore: Ray tracing is disabled. Reason: r.RayTracing=0.
[2024.02.27-05.09.29:204][  0]LogShaderCompilers: Guid format shader working directory is -23 characters bigger than the processId version (../../../../../../Users/arkchimy/Documents/quarter-view_project/LostArk/Intermediate/Shaders/WorkingDirectory/18620/).
[2024.02.27-05.09.29:204][  0]LogShaderCompilers: Cleaned the shader compiler working directory 'C:/Users/arkchimy/AppData/Local/Temp/UnrealShaderWorkingDir/8A4DD7974D980CC7B4A0E09DDE14DE52/'.
[2024.02.27-05.09.29:204][  0]LogXGEController: Cannot use XGE Controller as Incredibuild is not installed on this machine.
[2024.02.27-05.09.29:204][  0]LogShaderCompilers: Cannot use XGE Shader Compiler as Incredibuild is not installed on this machine.
[2024.02.27-05.09.29:205][  0]LogShaderCompilers: Display: Using Local Shader Compiler.
[2024.02.27-05.09.30:427][  0]LogDerivedDataCache: Display: Max Cache Size: 512 MB
[2024.02.27-05.09.30:541][  0]LogDerivedDataCache: Loaded boot cache 0.11s 114MB C:/Users/arkchimy/AppData/Local/UnrealEngine/4.27/DerivedDataCache/Boot.ddc.
[2024.02.27-05.09.30:541][  0]LogDerivedDataCache: Display: Loaded Boot cache: C:/Users/arkchimy/AppData/Local/UnrealEngine/4.27/DerivedDataCache/Boot.ddc
[2024.02.27-05.09.30:542][  0]LogDerivedDataCache: FDerivedDataBackendGraph:  Pak pak cache file ../../../../../../Users/arkchimy/Documents/quarter-view_project/LostArk/DerivedDataCache/DDC.ddp not found, will not use a pak cache.
[2024.02.27-05.09.30:542][  0]LogDerivedDataCache: Unable to find inner node Pak for hierarchical cache Hierarchy.
[2024.02.27-05.09.30:542][  0]LogDerivedDataCache: FDerivedDataBackendGraph:  CompressedPak pak cache file ../../../../../../Users/arkchimy/Documents/quarter-view_project/LostArk/DerivedDataCache/Compressed.ddp not found, will not use a pak cache.
[2024.02.27-05.09.30:542][  0]LogDerivedDataCache: Unable to find inner node CompressedPak for hierarchical cache Hierarchy.
[2024.02.27-05.09.30:568][  0]LogDerivedDataCache: Display: Pak cache opened for reading ../../../Engine/DerivedDataCache/Compressed.ddp.
[2024.02.27-05.09.30:569][  0]LogDerivedDataCache: FDerivedDataBackendGraph:  EnterprisePak pak cache file ../../../Enterprise/DerivedDataCache/Compressed.ddp not found, will not use a pak cache.
[2024.02.27-05.09.30:569][  0]LogDerivedDataCache: Unable to find inner node EnterprisePak for hierarchical cache Hierarchy.
[2024.02.27-05.09.30:837][  0]LogDerivedDataCache: Speed tests for C:/Users/arkchimy/AppData/Local/UnrealEngine/Common/DerivedDataCache took 0.27 seconds
[2024.02.27-05.09.30:838][  0]LogDerivedDataCache: Display: Performance to C:/Users/arkchimy/AppData/Local/UnrealEngine/Common/DerivedDataCache: Latency=0.09ms. RandomReadSpeed=305.99MBs, RandomWriteSpeed=3.51MBs. Assigned SpeedClass 'Local'
[2024.02.27-05.09.30:838][  0]LogDerivedDataCache: Using Local data cache path C:/Users/arkchimy/AppData/Local/UnrealEngine/Common/DerivedDataCache: Writable
[2024.02.27-05.09.30:838][  0]LogDerivedDataCache: Shared data cache path not found in *engine.ini, will not use an Shared cache.
[2024.02.27-05.09.30:838][  0]LogDerivedDataCache: Unable to find inner node Shared for hierarchical cache Hierarchy.
[2024.02.27-05.09.30:904][  0]LogSlate: Using FreeType 2.10.0
[2024.02.27-05.09.30:905][  0]LogSlate: SlateFontServices - WITH_FREETYPE: 1, WITH_HARFBUZZ: 1
[2024.02.27-05.09.30:953][  0]LogAssetRegistry: FAssetRegistry took 0.0045 seconds to start up
[2024.02.27-05.09.31:332][  0]LogInit: Selected Device Profile: [Windows]
[2024.02.27-05.09.31:332][  0]LogInit: Active device profile: [000001EB06F1B300][000001EB7B6E7740 49] Windows
[2024.02.27-05.09.31:332][  0]LogInit: Profiles: [000001EB06F1B300][000001EB7B6E7740 49] Windows, [000001EB06ED8F00][000001EB7B6EF8C0 49] WindowsNoEditor, [000001EB06F18F00][000001EB7B6F3A40 49] WindowsServer, [000001EB06EDAA00][000001EB7FD37BC0 49] WindowsClient, [000001EB06F1A900][000001EB7FD3A1C0 49] IOS, [000001EB06ED9900][000001EB7FD3E340 49] iPadAir, [000001EB06F19800][000001EB7FD424C0 49] iPadAir2, [000001EB06E63800][000001EB7FD4A780 49] IPadPro, [000001EB06E63900][000001EB7FD467C0 49] iPadAir3, [000001EB06F1A200][000001EB7B0BE940 49] iPadAir4, [000001EB06E61400][000001EB7B0C2AC0 49] iPadMini2, [000001EB06F1BC00][000001EB7B6EAC00 49] iPadMini3, [000001EB06E62400][000001EB7B0C6D40 49] iPadMini4, [000001EB06F19100][000001EB072B2E80 49] iPadMini5, [000001EB06ED3100][000001EB072BF100 49] iPhone6, [000001EB06ED3200][000001EB072B7140 49] iPodTouch6, [000001EB06E60600][000001EB072C7400 49] iPhone7, [000001EB06E60400][000001EB072C3440 49] iPodTouch7, [000001EB06ED1300][000001EB072CB5C0 49] iPhone5S, [000001EB06E60D00][000001EB072CF740 49] iPhone6Plus, [000001EB06ED2500][000001EB072D38C0 49] iPhone6S, [000001EB06E63D00][000001EB072D7A40 49] iPhone6SPlus, [000001EB06ED3A00][000001EB072DBBC0 49] iPhone7Plus, [000001EB06E61900][000001EB072DE1C0 49] iPhoneSE, [000001EB06ED0900][000001EB072E2340 49] iPhone8, [000001EB06E62600][000001EB072E64C0 49] iPhone8Plus, [000001EB06ED2300][000001EB072EA640 49] iPhoneX, [000001EB06E62D00][000001EB072EE7C0 49] iPhoneXS, [000001EB06ED3B00][000001EB072F2940 49] iPhoneXSMax, [000001EB06E62A00][000001EB072F6AC0 49] iPhoneXR, [000001EB06ED3700][000001EB072FAC40 49] iPhone11, [000001EB06E63000][000001EB072BAD80 49] iPhone11Pro, [000001EB06ED1500][000001EB072FEEC0 49] iPhone11ProMax, [000001EB06E60200][000001EB07303000 49] iPhoneSE2, [000001EB06ED0E00][000001EB0731B140 49] iPhone12Mini, [000001EB06E62100][000001EB073232C0 49] iPhone12, [000001EB06ED3600][000001EB073A1440 49] iPhone12Pro, [000001EB06E62E00][000001EB073AD5C0 49] iPhone12ProMax, [000001EB06ED0A00][000001EB0745D740 49] iPadPro105, [000001EB06E61300][000001EB075618C0 49] iPadPro129, [000001EB06ED1100][000001EB07565A40 49] iPadPro97, [000001EB06E63500][000001EB7FA9DBC0 49] iPadPro2_129, [000001EB06ED2C00][000001EB7FAA01C0 49] iPad5, [000001EB06E60900][000001EB7FAA4340 49] iPad6, [000001EB06ED1800][000001EB7FAB04C0 49] iPad7, [000001EB06E61C00][000001EB7FAB8640 49] iPad8, [000001EB06ED1A00][000001EB7FAC47C0 49] iPadPro11, [000001EB06E62900][000001EB7FAC8940 49] iPadPro2_11, [000001EB06ED2D00][000001EB7FACCAC0 49] iPadPro3_129, [000001EB06E61700][000001EB7FAD0C40 49] iPadPro4_129, [000001EB06ED2900][000001EB7FAD4DC0 49] AppleTV, [000001EB06E60C00][000001EB7FAD8F40 49] AppleTV4K, [000001EB06ED2F00][000001EB0731F080 49] TVOS, [000001EB06E62F00][000001EB7FAE71C0 49] Mac, [000001EB06ED1E00][000001EB7FAEB300 49] MacClient, [000001EB06E63100][000001EB08481480 49] MacNoEditor, [000001EB06ED3D00][000001EB073A5600 49] MacServer, [000001EB06E60300][000001EB0849B780 49] Linux, [000001EB06ED1600][000001EB08089900 49] LinuxAArch64, [000001EB06E61100][000001EB0808DA80 49] LinuxNoEditor, [000001EB06EDA500][000001EB7AC27C00 49] LinuxAArch64NoEditor, [000001EB06F62300][000001EB07868200 49] LinuxClient, [000001EB06ED9A00][000001EB7AC54380 49] LinuxAArch64Client, [000001EB06F61B00][000001EB7B5D6500 49] LinuxServer, [000001EB06EDAD00][000001EB7B5E6680 49] LinuxAArch64Server, [000001EB06F60300][000001EB7B5EA800 49] Android, [000001EB06EDA300][000001EB7B60E980 49] Android_Low, [000001EB06F61C00][000001EB7B612B00 49] Android_Mid, [000001EB06ED9700][000001EB0844EC80 49] Android_High, [000001EB06F60800][000001EB08452E00 49] Android_Default, [000001EB06EDB200][000001EB7AC50F80 49] Android_Adreno4xx, [000001EB06F61700][000001EB0755B100 49] Android_Adreno5xx_Low, [000001EB06EDA800][000001EB0847D240 49] Android_Adreno5xx, [000001EB06F62100][000001EB0739D380 49] Android_Adreno6xx, [000001EB06ED8D00][000001EB074394C0 49] Android_Adreno6xx_Vulkan, [000001EB06F62800][000001EB08173640 49] Android_Mali_T6xx, [000001EB06EDAC00][000001EB081777C0 49] Android_Mali_T7xx, [000001EB06F62000][000001EB0817B940 49] Android_Mali_T8xx, [000001EB06ED8500][000001EB07EA3AC0 49] Android_Mali_G71, [000001EB06F60100][000001EB07EB00C0 49] Android_Mali_G72, [000001EB06E61600][000001EB07EB8240 49] Android_Mali_G72_Vulkan, [000001EB06ED1D00][000001EB07EBC3C0 49] Android_Mali_G76, [000001EB06E61000][000001EB07EC0540 49] Android_Mali_G76_Vulkan, [000001EB06ED0D00][000001EB07EC46C0 49] Android_Mali_G77, [000001EB06E63300][000001EB07EC8840 49] Android_Mali_G77_Vulkan, [000001EB06ED0700][000001EB07ECC9C0 49] Android_Mali_G78, [000001EB06E61500][000001EB073C8B40 49] Android_Mali_G78_Vulkan, [000001EB06F60F00][000001EB073CCCC0 49] Android_Mali_G710, [000001EB06E60500][000001EB07ED8E40 49] Android_Mali_G710_Vulkan, [000001EB06F60D00][000001EB07EDCFC0 49] Android_Vulkan_SM5, [000001EB06E62500][000001EB07EE1140 49] Android_PowerVR_G6xxx, [000001EB06F62500][000001EB07EE52C0 49] Android_PowerVR_GT7xxx, [000001EB06E60700][000001EB0816F400 49] Android_PowerVR_GE8xxx, [000001EB06F61300][000001EB07EE9540 49] Android_PowerVR_GM9xxx, [000001EB06E62700][000001EB07EED680 49] Android_PowerVR_GM9xxx_Vulkan, [000001EB06F61500][000001EB07EF97C0 49] Android_TegraK1, [000001EB06E61E00][000001EB7B5EF940 49] Android_Unknown_Vulkan, [000001EB06F61100][000001EB7B5F3AC0 49] Lumin, [000001EB06E61800][000001EB7B5F60C0 49] Lumin_Desktop, [000001EB06F60B00][000001EB7B60A240 49] HoloLens, 
[2024.02.27-05.09.31:564][  0]LogMeshReduction: Using QuadricMeshReduction for automatic static mesh reduction
[2024.02.27-05.09.31:564][  0]LogMeshReduction: Using SimplygonMeshReduction for automatic skeletal mesh reduction
[2024.02.27-05.09.31:564][  0]LogMeshReduction: Using ProxyLODMeshReduction for automatic mesh merging
[2024.02.27-05.09.31:564][  0]LogMeshReduction: No distributed automatic mesh merging module available
[2024.02.27-05.09.31:564][  0]LogMeshMerging: No distributed automatic mesh merging module available
[2024.02.27-05.09.31:596][  0]LogNetVersion: LostArk 1.0.0, NetCL: 17155196, EngineNetVer: 17, GameNetVer: 0 (Checksum: 2173826891)
[2024.02.27-05.09.32:341][  0]LogTexture: Default maximum texture size for cubemaps generated from long-lat sources has been changed from 512 to unlimited. In order to preserve old behaiour for '/Engine/MapTemplates/Sky/DaylightAmbientCubemap.DaylightAmbientCubemap', its maximum texture size has been explicitly set to 512.
[2024.02.27-05.09.32:436][  0]LogHMD: PokeAHoleMaterial loaded successfully
[2024.02.27-05.09.32:445][  0]LogUObjectArray: 17178 objects as part of root set at end of initial load.
[2024.02.27-05.09.32:445][  0]LogUObjectAllocator: 4302048 out of 0 bytes used by permanent object pool.
[2024.02.27-05.09.32:445][  0]LogUObjectArray: CloseDisregardForGC: 0/0 objects in disregard for GC pool
[2024.02.27-05.09.32:975][  0]LogNiagaraDebuggerClient: Niagara Debugger Client Initialized | Session: 973F5DB04DFCA9872ED85881B0FE3756 | Instance: 382F3C034BBC372751135B892548E700 (DESKTOP-Q812QL4-18620).
[2024.02.27-05.09.33:193][  0]LogPython: Using Python 3.7.7
[2024.02.27-05.09.33:890][  0]LogTcpMessaging: Initializing TcpMessaging bridge
[2024.02.27-05.09.33:897][  0]LogUdpMessaging: Initializing bridge on interface 0.0.0.0:0 to multicast group 230.0.0.1:6666.
[2024.02.27-05.09.34:315][  0]LogLinker: Warning: Asset '../../../../../../Users/arkchimy/Documents/quarter-view_project/LostArk/Content/TopDownCPP/TopDownOverview.uasset' has been saved with empty engine version. The asset will be loaded but may be incompatible.
[2024.02.27-05.09.34:506][  0]SourceControl: 소스 컨트롤이 꺼졌습니다.
[2024.02.27-05.09.34:506][  0]SourceControl: 소스 컨트롤이 꺼졌습니다.
[2024.02.27-05.09.34:512][  0]SourceControl: 소스 컨트롤이 꺼졌습니다.
[2024.02.27-05.09.34:518][  0]SourceControl: 소스 컨트롤이 꺼졌습니다.
[2024.02.27-05.09.34:538][  0]SourceControl: 소스 컨트롤이 꺼졌습니다.
[2024.02.27-05.09.34:549][  0]LogUProjectInfo: Found projects:
[2024.02.27-05.09.34:980][  0]LogOpenImageDenoise: OIDN starting up
[2024.02.27-05.09.35:038][  0]LogAndroidPermission: UAndroidPermissionCallbackProxy::GetInstance
[2024.02.27-05.09.35:077][  0]LogAudioCaptureCore: Display: No Audio Capture implementations found. Audio input will be silent.
[2024.02.27-05.09.35:077][  0]LogAudioCaptureCore: Display: No Audio Capture implementations found. Audio input will be silent.
[2024.02.27-05.09.35:293][  0]LogCollectionManager: Loaded 0 collections in 0.002952 seconds
[2024.02.27-05.09.35:343][  0]LogFileCache: Scanning file cache for directory 'C:/Users/arkchimy/Documents/quarter-view_project/LostArk/Saved/Collections/' took 0.00s
[2024.02.27-05.09.35:343][  0]LogFileCache: Scanning file cache for directory 'C:/Users/arkchimy/Documents/quarter-view_project/LostArk/Content/Developers/arkchimy/Collections/' took 0.00s
[2024.02.27-05.09.35:343][  0]LogFileCache: Scanning file cache for directory 'C:/Users/arkchimy/Documents/quarter-view_project/LostArk/Content/Collections/' took 0.00s
[2024.02.27-05.09.35:343][  0]LogOcInput: OculusInput pre-init called
[2024.02.27-05.09.35:843][  0]LogEngine: Initializing Engine...
[2024.02.27-05.09.35:847][  0]LogHMD: Failed to enumerate extensions. Please check that you have a valid OpenXR runtime installed.
[2024.02.27-05.09.35:847][  0]LogHMD: Failed to initialize OpenVR with code 110
[2024.02.27-05.09.35:847][  0]LogMagicLeap: Warning: VR disabled because ZI is not enabled.  To enable, in the editor, Edit -> Project Settings -> Plugins -> Magic Leap Plugin -> Enable Zero Iteration
[2024.02.27-05.09.35:849][  0]LogStats: UGameplayTagsManager::InitializeManager -  0.000 s
[2024.02.27-05.09.36:072][  0]LogInit: Initializing FReadOnlyCVARCache
[2024.02.27-05.09.36:085][  0]LogAIModule: Creating AISystem for world Untitled
[2024.02.27-05.09.36:089][  0]LogAudio: Display: Initializing Audio Device Manager...
[2024.02.27-05.09.36:095][  0]LogAudio: Display: Loading Default Audio Settings Objects...
[2024.02.27-05.09.36:096][  0]LogAudio: Display: No default SoundConcurrencyObject specified (or failed to load).
[2024.02.27-05.09.36:097][  0]LogAudio: Display: Audio Device Manager Initialized
[2024.02.27-05.09.36:097][  0]LogAudio: Display: Creating Audio Device:                 Id: 1, Scope: Shared, Realtime: True
[2024.02.27-05.09.36:097][  0]LogAudioMixer: Display: Audio Mixer Platform Settings:
[2024.02.27-05.09.36:097][  0]LogAudioMixer: Display: 	Sample Rate:						  48000
[2024.02.27-05.09.36:097][  0]LogAudioMixer: Display: 	Callback Buffer Frame Size Requested: 1024
[2024.02.27-05.09.36:097][  0]LogAudioMixer: Display: 	Callback Buffer Frame Size To Use:	  1024
[2024.02.27-05.09.36:097][  0]LogAudioMixer: Display: 	Number of buffers to queue:			  2
[2024.02.27-05.09.36:097][  0]LogAudioMixer: Display: 	Max Channels (voices):				  32
[2024.02.27-05.09.36:097][  0]LogAudioMixer: Display: 	Number of Async Source Workers:		  0
[2024.02.27-05.09.36:097][  0]LogAudio: Display: AudioDevice MaxSources: 32
[2024.02.27-05.09.36:098][  0]LogAudio: Display: Audio Spatialization Plugin: None (built-in).
[2024.02.27-05.09.36:098][  0]LogAudio: Display: Audio Reverb Plugin: None (built-in).
[2024.02.27-05.09.36:098][  0]LogAudio: Display: Audio Occlusion Plugin: None (built-in).
[2024.02.27-05.09.36:098][  0]LogAudioMixer: Display: Initializing audio mixer.
[2024.02.27-05.09.36:124][  0]LogAudioMixer: Display: 0: FrontLeft
[2024.02.27-05.09.36:124][  0]LogAudioMixer: Display: 1: FrontRight
[2024.02.27-05.09.36:124][  0]LogAudioMixer: Display: 2: FrontCenter
[2024.02.27-05.09.36:124][  0]LogAudioMixer: Display: 3: LowFrequency
[2024.02.27-05.09.36:124][  0]LogAudioMixer: Display: 4: BackLeft
[2024.02.27-05.09.36:124][  0]LogAudioMixer: Display: 5: BackRight
[2024.02.27-05.09.36:124][  0]LogAudioMixer: Display: 6: SideLeft
[2024.02.27-05.09.36:124][  0]LogAudioMixer: Display: 7: SideRight
[2024.02.27-05.09.36:171][  0]LogAudioMixer: Display: Using Audio Device Speakers(Sound BlasterX Kratos S5)
[2024.02.27-05.09.36:175][  0]LogAudioMixer: Display: Initializing Sound Submixes...
[2024.02.27-05.09.36:181][  0]LogAudioMixer: Display: Creating Master Submix 'MasterSubmixDefault'
[2024.02.27-05.09.36:181][  0]LogAudioMixer: Display: Creating Master Submix 'MasterReverbSubmixDefault'
[2024.02.27-05.09.36:183][  0]LogAudioMixer: Display: Creating Master Submix 'MasterEQSubmixDefault'
[2024.02.27-05.09.36:183][  0]LogAudioMixer: FMixerPlatformXAudio2::StartAudioStream() called
[2024.02.27-05.09.36:183][  0]LogAudioMixer: Display: Output buffers initialized: Frames=1024, Channels=8, Samples=8192
[2024.02.27-05.09.36:184][  0]LogAudioMixer: Display: Starting AudioMixerPlatformInterface::RunInternal()
[2024.02.27-05.09.36:184][  0]LogAudioMixer: Display: FMixerPlatformXAudio2::SubmitBuffer() called for the first time
[2024.02.27-05.09.36:184][  0]LogInit: FAudioDevice initialized.
[2024.02.27-05.09.36:185][  0]LogAudio: Display: Audio Device (ID: 1) registered with world 'Untitled'.
[2024.02.27-05.09.36:185][  0]LogNetVersion: Set ProjectVersion to 1.0.0.0. Version Checksum will be recalculated on next use.
[2024.02.27-05.09.36:284][  0]LogDerivedDataCache: Saved boot cache 0.10s 114MB C:/Users/arkchimy/AppData/Local/UnrealEngine/4.27/DerivedDataCache/Boot.ddc.
[2024.02.27-05.09.36:290][  0]LogInit: Texture streaming: Enabled
[2024.02.27-05.09.36:311][  0]LogAnalytics: Display: [UEEditor.Rocket.Release] APIServer = https://datarouter.ol.epicgames.com/. AppVersion = 4.27.2-18319896+++UE4+Release-4.27
[2024.02.27-05.09.36:319][  0]LogEngineSessionManager: EngineSessionManager initialized
[2024.02.27-05.09.36:319][  0]LogEditorSessionSummary: Verbose: Initializing EditorSessionSummaryWriter for editor session tracking
[2024.02.27-05.09.36:325][  0]LogEditorSessionSummary: EditorSessionSummaryWriter initialized
[2024.02.27-05.09.36:364][  0]LogInit: Transaction tracking system initialized
[2024.02.27-05.09.36:402][  0]BlueprintLog: New page: 에디터 로드
[2024.02.27-05.09.36:513][  0]LocalizationService: 현지화 서비스가 비활성화되었습니다.
[2024.02.27-05.09.36:555][  0]TimingProfiler: Initialize
[2024.02.27-05.09.36:555][  0]TimingProfiler: OnSessionChanged
[2024.02.27-05.09.36:555][  0]LoadingProfiler: Initialize
[2024.02.27-05.09.36:556][  0]LoadingProfiler: OnSessionChanged
[2024.02.27-05.09.36:556][  0]NetworkingProfiler: Initialize
[2024.02.27-05.09.36:556][  0]NetworkingProfiler: OnSessionChanged
[2024.02.27-05.09.36:556][  0]MemoryProfiler: Initialize
[2024.02.27-05.09.36:556][  0]MemoryProfiler: OnSessionChanged
[2024.02.27-05.09.36:830][  0]LogCook: Display: CookSettings for Memory: MemoryMaxUsedVirtual 0MiB, MemoryMaxUsedPhysical 16384MiB, MemoryMinFreeVirtual 0MiB, MemoryMinFreePhysical 1024MiB
[2024.02.27-05.09.36:830][  0]LogCook: Display: Mobile HDR setting 1
[2024.02.27-05.09.37:043][  0]LogFileCache: Scanning file cache for directory 'C:/Users/arkchimy/Documents/quarter-view_project/LostArk/Content/' took 0.01s
[2024.02.27-05.09.37:608][  0]LogInit: Display: Engine is initialized. Leaving FEngineLoop::Init()
[2024.02.27-05.09.37:616][  0]SourceControl: 소스 컨트롤이 꺼졌습니다.
[2024.02.27-05.09.37:616][  0]LogUnrealEdMisc: Loading editor; pre map load, took 14.016
[2024.02.27-05.09.37:617][  0]Cmd: MAP LOAD FILE="../../../../../../Users/arkchimy/Documents/quarter-view_project/LostArk/Content/TopDownCPP/Maps/TopDownExampleMap.umap" TEMPLATE=0 SHOWPROGRESS=1 FEATURELEVEL=3
[2024.02.27-05.09.37:618][  0]LightingResults: New page: 라이팅 빌드
[2024.02.27-05.09.37:620][  0]LogWorld: UWorld::CleanupWorld for Untitled, bSessionEnded=true, bCleanupResources=true
[2024.02.27-05.09.37:620][  0]LogSlate: InvalidateAllWidgets triggered.  All widgets were invalidated
[2024.02.27-05.09.37:621][  0]MapCheck: New page: 맵 체크
[2024.02.27-05.09.37:621][  0]LightingResults: New page: 라이팅 빌드
[2024.02.27-05.09.37:630][  0]LogAudio: Display: Audio Device unregistered from world 'None'.
[2024.02.27-05.09.37:636][  0]LogUObjectHash: Compacting FUObjectHashTables data took   1.38ms
[2024.02.27-05.09.37:857][  0]LogAudio: Display: Audio Device (ID: 1) registered with world 'TopDownExampleMap'.
[2024.02.27-05.09.37:859][  0]LogAIModule: Creating AISystem for world TopDownExampleMap
[2024.02.27-05.09.37:865][  0]LogEditorServer: Finished looking for orphan Actors (0.000 secs)
[2024.02.27-05.09.37:876][  0]LogUObjectHash: Compacting FUObjectHashTables data took   1.37ms
[2024.02.27-05.09.37:878][  0]Cmd: MAP CHECKDEP NOCLEARLOG
[2024.02.27-05.09.37:879][  0]MapCheck: 맵 체크 완료: 오류 0 회, 경고 0 회, 소요 시간 0.322ms.
[2024.02.27-05.09.37:879][  0]LogFileHelpers: Loading map 'TopDownExampleMap' took 0.263
[2024.02.27-05.09.37:884][  0]LogUnrealEdMisc: Total Editor Startup Time, took 14.284
[2024.02.27-05.09.38:027][  0]LogSlate: Updating window title bar state: overlay mode, drag disabled, window buttons hidden, title bar hidden
[2024.02.27-05.09.38:037][  0]LogSlate: Updating window title bar state: overlay mode, drag disabled, window buttons hidden, title bar hidden
[2024.02.27-05.09.38:046][  0]LogSlate: Updating window title bar state: overlay mode, drag disabled, window buttons hidden, title bar hidden
[2024.02.27-05.09.38:055][  0]LogSlate: Updating window title bar state: overlay mode, drag disabled, window buttons hidden, title bar hidden
[2024.02.27-05.09.38:075][  0]LogNativeClassHierarchy: Verbose: Native class hierarchy populated in 0.0124 seconds. Added 3828 classes and 931 folders.
[2024.02.27-05.09.38:078][  0]LogNativeClassHierarchy: Verbose: Native class hierarchy updated for 'WidgetCarousel' in 0.0003 seconds. Added 0 classes and 0 folders.
[2024.02.27-05.09.38:081][  0]LogPakFile: PakFile PrimaryIndexSize=187
[2024.02.27-05.09.38:081][  0]LogPakFile: PakFile PathHashIndexSize=101
[2024.02.27-05.09.38:081][  0]LogPakFile: PakFile FullDirectoryIndexSize=148
[2024.02.27-05.09.38:081][  0]LogShaderLibrary: Display: ShaderCodeLibraryPakFileMountedCallback: PakFile 'C:/Program Files/Epic Games/UE_4.27/FeaturePacks/FP_FirstPerson.upack' (chunk index -1, root 'root:/') mounted
[2024.02.27-05.09.38:081][  0]LogShaderLibrary: Display: ShaderCodeLibraryPakFileMountedCallback: pending pak file info (ChunkID:-1 Root:root:/ File:C:/Program Files/Epic Games/UE_4.27/FeaturePacks/FP_FirstPerson.upack)
[2024.02.27-05.09.38:081][  0]LogPakFile: OnPakFileMounted2Time == 0.000081
[2024.02.27-05.09.38:083][  0]LogPakFile: PakFile PrimaryIndexSize=189
[2024.02.27-05.09.38:083][  0]LogPakFile: PakFile PathHashIndexSize=101
[2024.02.27-05.09.38:083][  0]LogPakFile: PakFile FullDirectoryIndexSize=152
[2024.02.27-05.09.38:083][  0]LogShaderLibrary: Display: ShaderCodeLibraryPakFileMountedCallback: PakFile 'C:/Program Files/Epic Games/UE_4.27/FeaturePacks/FP_FirstPersonBP.upack' (chunk index -1, root 'root:/') mounted
[2024.02.27-05.09.38:083][  0]LogShaderLibrary: Display: ShaderCodeLibraryPakFileMountedCallback: pending pak file info (ChunkID:-1 Root:root:/ File:C:/Program Files/Epic Games/UE_4.27/FeaturePacks/FP_FirstPersonBP.upack)
[2024.02.27-05.09.38:083][  0]LogPakFile: OnPakFileMounted2Time == 0.000071
[2024.02.27-05.09.38:084][  0]LogPakFile: PakFile PrimaryIndexSize=191
[2024.02.27-05.09.38:084][  0]LogPakFile: PakFile PathHashIndexSize=101
[2024.02.27-05.09.38:084][  0]LogPakFile: PakFile FullDirectoryIndexSize=160
[2024.02.27-05.09.38:084][  0]LogShaderLibrary: Display: ShaderCodeLibraryPakFileMountedCallback: PakFile 'C:/Program Files/Epic Games/UE_4.27/FeaturePacks/MobileStarterContent.upack' (chunk index -1, root 'root:/') mounted
[2024.02.27-05.09.38:084][  0]LogShaderLibrary: Display: ShaderCodeLibraryPakFileMountedCallback: pending pak file info (ChunkID:-1 Root:root:/ File:C:/Program Files/Epic Games/UE_4.27/FeaturePacks/MobileStarterContent.upack)
[2024.02.27-05.09.38:084][  0]LogPakFile: OnPakFileMounted2Time == 0.000054
[2024.02.27-05.09.38:085][  0]LogPakFile: PakFile PrimaryIndexSize=185
[2024.02.27-05.09.38:086][  0]LogPakFile: PakFile PathHashIndexSize=101
[2024.02.27-05.09.38:086][  0]LogPakFile: PakFile FullDirectoryIndexSize=148
[2024.02.27-05.09.38:086][  0]LogShaderLibrary: Display: ShaderCodeLibraryPakFileMountedCallback: PakFile 'C:/Program Files/Epic Games/UE_4.27/FeaturePacks/StarterContent.upack' (chunk index -1, root 'root:/') mounted
[2024.02.27-05.09.38:086][  0]LogShaderLibrary: Display: ShaderCodeLibraryPakFileMountedCallback: pending pak file info (ChunkID:-1 Root:root:/ File:C:/Program Files/Epic Games/UE_4.27/FeaturePacks/StarterContent.upack)
[2024.02.27-05.09.38:086][  0]LogPakFile: OnPakFileMounted2Time == 0.000067
[2024.02.27-05.09.38:087][  0]LogPakFile: PakFile PrimaryIndexSize=190
[2024.02.27-05.09.38:087][  0]LogPakFile: PakFile PathHashIndexSize=101
[2024.02.27-05.09.38:087][  0]LogPakFile: PakFile FullDirectoryIndexSize=154
[2024.02.27-05.09.38:087][  0]LogShaderLibrary: Display: ShaderCodeLibraryPakFileMountedCallback: PakFile 'C:/Program Files/Epic Games/UE_4.27/FeaturePacks/TP_2DSideScroller.upack' (chunk index -1, root 'root:/') mounted
[2024.02.27-05.09.38:087][  0]LogShaderLibrary: Display: ShaderCodeLibraryPakFileMountedCallback: pending pak file info (ChunkID:-1 Root:root:/ File:C:/Program Files/Epic Games/UE_4.27/FeaturePacks/TP_2DSideScroller.upack)
[2024.02.27-05.09.38:087][  0]LogPakFile: OnPakFileMounted2Time == 0.000060
[2024.02.27-05.09.38:088][  0]LogPakFile: PakFile PrimaryIndexSize=192
[2024.02.27-05.09.38:088][  0]LogPakFile: PakFile PathHashIndexSize=101
[2024.02.27-05.09.38:088][  0]LogPakFile: PakFile FullDirectoryIndexSize=158
[2024.02.27-05.09.38:088][  0]LogShaderLibrary: Display: ShaderCodeLibraryPakFileMountedCallback: PakFile 'C:/Program Files/Epic Games/UE_4.27/FeaturePacks/TP_2DSideScrollerBP.upack' (chunk index -1, root 'root:/') mounted
[2024.02.27-05.09.38:088][  0]LogShaderLibrary: Display: ShaderCodeLibraryPakFileMountedCallback: pending pak file info (ChunkID:-1 Root:root:/ File:C:/Program Files/Epic Games/UE_4.27/FeaturePacks/TP_2DSideScrollerBP.upack)
[2024.02.27-05.09.38:088][  0]LogPakFile: OnPakFileMounted2Time == 0.000058
[2024.02.27-05.09.38:089][  0]LogPakFile: PakFile PrimaryIndexSize=182
[2024.02.27-05.09.38:090][  0]LogPakFile: PakFile PathHashIndexSize=101
[2024.02.27-05.09.38:090][  0]LogPakFile: PakFile FullDirectoryIndexSize=138
[2024.02.27-05.09.38:090][  0]LogShaderLibrary: Display: ShaderCodeLibraryPakFileMountedCallback: PakFile 'C:/Program Files/Epic Games/UE_4.27/FeaturePacks/TP_Flying.upack' (chunk index -1, root 'root:/') mounted
[2024.02.27-05.09.38:090][  0]LogShaderLibrary: Display: ShaderCodeLibraryPakFileMountedCallback: pending pak file info (ChunkID:-1 Root:root:/ File:C:/Program Files/Epic Games/UE_4.27/FeaturePacks/TP_Flying.upack)
[2024.02.27-05.09.38:090][  0]LogPakFile: OnPakFileMounted2Time == 0.000054
[2024.02.27-05.09.38:091][  0]LogPakFile: PakFile PrimaryIndexSize=184
[2024.02.27-05.09.38:091][  0]LogPakFile: PakFile PathHashIndexSize=101
[2024.02.27-05.09.38:091][  0]LogPakFile: PakFile FullDirectoryIndexSize=142
[2024.02.27-05.09.38:091][  0]LogShaderLibrary: Display: ShaderCodeLibraryPakFileMountedCallback: PakFile 'C:/Program Files/Epic Games/UE_4.27/FeaturePacks/TP_FlyingBP.upack' (chunk index -1, root 'root:/') mounted
[2024.02.27-05.09.38:091][  0]LogShaderLibrary: Display: ShaderCodeLibraryPakFileMountedCallback: pending pak file info (ChunkID:-1 Root:root:/ File:C:/Program Files/Epic Games/UE_4.27/FeaturePacks/TP_FlyingBP.upack)
[2024.02.27-05.09.38:091][  0]LogPakFile: OnPakFileMounted2Time == 0.000054
[2024.02.27-05.09.38:092][  0]LogPakFile: PakFile PrimaryIndexSize=188
[2024.02.27-05.09.38:092][  0]LogPakFile: PakFile PathHashIndexSize=101
[2024.02.27-05.09.38:092][  0]LogPakFile: PakFile FullDirectoryIndexSize=150
[2024.02.27-05.09.38:092][  0]LogShaderLibrary: Display: ShaderCodeLibraryPakFileMountedCallback: PakFile 'C:/Program Files/Epic Games/UE_4.27/FeaturePacks/TP_HandheldARBP.upack' (chunk index -1, root 'root:/') mounted
[2024.02.27-05.09.38:092][  0]LogShaderLibrary: Display: ShaderCodeLibraryPakFileMountedCallback: pending pak file info (ChunkID:-1 Root:root:/ File:C:/Program Files/Epic Games/UE_4.27/FeaturePacks/TP_HandheldARBP.upack)
[2024.02.27-05.09.38:092][  0]LogPakFile: OnPakFileMounted2Time == 0.000054
[2024.02.27-05.09.38:094][  0]LogPakFile: PakFile PrimaryIndexSize=182
[2024.02.27-05.09.38:094][  0]LogPakFile: PakFile PathHashIndexSize=101
[2024.02.27-05.09.38:094][  0]LogPakFile: PakFile FullDirectoryIndexSize=138
[2024.02.27-05.09.38:094][  0]LogShaderLibrary: Display: ShaderCodeLibraryPakFileMountedCallback: PakFile 'C:/Program Files/Epic Games/UE_4.27/FeaturePacks/TP_Puzzle.upack' (chunk index -1, root 'root:/') mounted
[2024.02.27-05.09.38:094][  0]LogShaderLibrary: Display: ShaderCodeLibraryPakFileMountedCallback: pending pak file info (ChunkID:-1 Root:root:/ File:C:/Program Files/Epic Games/UE_4.27/FeaturePacks/TP_Puzzle.upack)
[2024.02.27-05.09.38:094][  0]LogPakFile: OnPakFileMounted2Time == 0.000064
[2024.02.27-05.09.38:095][  0]LogPakFile: PakFile PrimaryIndexSize=184
[2024.02.27-05.09.38:095][  0]LogPakFile: PakFile PathHashIndexSize=101
[2024.02.27-05.09.38:095][  0]LogPakFile: PakFile FullDirectoryIndexSize=142
[2024.02.27-05.09.38:095][  0]LogShaderLibrary: Display: ShaderCodeLibraryPakFileMountedCallback: PakFile 'C:/Program Files/Epic Games/UE_4.27/FeaturePacks/TP_PuzzleBP.upack' (chunk index -1, root 'root:/') mounted
[2024.02.27-05.09.38:095][  0]LogShaderLibrary: Display: ShaderCodeLibraryPakFileMountedCallback: pending pak file info (ChunkID:-1 Root:root:/ File:C:/Program Files/Epic Games/UE_4.27/FeaturePacks/TP_PuzzleBP.upack)
[2024.02.27-05.09.38:095][  0]LogPakFile: OnPakFileMounted2Time == 0.000055
[2024.02.27-05.09.38:097][  0]LogPakFile: PakFile PrimaryIndexSize=183
[2024.02.27-05.09.38:097][  0]LogPakFile: PakFile PathHashIndexSize=101
[2024.02.27-05.09.38:097][  0]LogPakFile: PakFile FullDirectoryIndexSize=140
[2024.02.27-05.09.38:097][  0]LogShaderLibrary: Display: ShaderCodeLibraryPakFileMountedCallback: PakFile 'C:/Program Files/Epic Games/UE_4.27/FeaturePacks/TP_Rolling.upack' (chunk index -1, root 'root:/') mounted
[2024.02.27-05.09.38:097][  0]LogShaderLibrary: Display: ShaderCodeLibraryPakFileMountedCallback: pending pak file info (ChunkID:-1 Root:root:/ File:C:/Program Files/Epic Games/UE_4.27/FeaturePacks/TP_Rolling.upack)
[2024.02.27-05.09.38:097][  0]LogPakFile: OnPakFileMounted2Time == 0.000063
[2024.02.27-05.09.38:098][  0]LogPakFile: PakFile PrimaryIndexSize=185
[2024.02.27-05.09.38:098][  0]LogPakFile: PakFile PathHashIndexSize=101
[2024.02.27-05.09.38:098][  0]LogPakFile: PakFile FullDirectoryIndexSize=144
[2024.02.27-05.09.38:098][  0]LogShaderLibrary: Display: ShaderCodeLibraryPakFileMountedCallback: PakFile 'C:/Program Files/Epic Games/UE_4.27/FeaturePacks/TP_RollingBP.upack' (chunk index -1, root 'root:/') mounted
[2024.02.27-05.09.38:098][  0]LogShaderLibrary: Display: ShaderCodeLibraryPakFileMountedCallback: pending pak file info (ChunkID:-1 Root:root:/ File:C:/Program Files/Epic Games/UE_4.27/FeaturePacks/TP_RollingBP.upack)
[2024.02.27-05.09.38:098][  0]LogPakFile: OnPakFileMounted2Time == 0.000063
[2024.02.27-05.09.38:099][  0]LogPakFile: PakFile PrimaryIndexSize=188
[2024.02.27-05.09.38:099][  0]LogPakFile: PakFile PathHashIndexSize=101
[2024.02.27-05.09.38:099][  0]LogPakFile: PakFile FullDirectoryIndexSize=150
[2024.02.27-05.09.38:099][  0]LogShaderLibrary: Display: ShaderCodeLibraryPakFileMountedCallback: PakFile 'C:/Program Files/Epic Games/UE_4.27/FeaturePacks/TP_SideScroller.upack' (chunk index -1, root 'root:/') mounted
[2024.02.27-05.09.38:099][  0]LogShaderLibrary: Display: ShaderCodeLibraryPakFileMountedCallback: pending pak file info (ChunkID:-1 Root:root:/ File:C:/Program Files/Epic Games/UE_4.27/FeaturePacks/TP_SideScroller.upack)
[2024.02.27-05.09.38:099][  0]LogPakFile: OnPakFileMounted2Time == 0.000056
[2024.02.27-05.09.38:101][  0]LogPakFile: PakFile PrimaryIndexSize=190
[2024.02.27-05.09.38:101][  0]LogPakFile: PakFile PathHashIndexSize=101
[2024.02.27-05.09.38:101][  0]LogPakFile: PakFile FullDirectoryIndexSize=154
[2024.02.27-05.09.38:101][  0]LogShaderLibrary: Display: ShaderCodeLibraryPakFileMountedCallback: PakFile 'C:/Program Files/Epic Games/UE_4.27/FeaturePacks/TP_SideScrollerBP.upack' (chunk index -1, root 'root:/') mounted
[2024.02.27-05.09.38:101][  0]LogShaderLibrary: Display: ShaderCodeLibraryPakFileMountedCallback: pending pak file info (ChunkID:-1 Root:root:/ File:C:/Program Files/Epic Games/UE_4.27/FeaturePacks/TP_SideScrollerBP.upack)
[2024.02.27-05.09.38:101][  0]LogPakFile: OnPakFileMounted2Time == 0.000056
[2024.02.27-05.09.38:102][  0]LogPakFile: PakFile PrimaryIndexSize=187
[2024.02.27-05.09.38:102][  0]LogPakFile: PakFile PathHashIndexSize=101
[2024.02.27-05.09.38:102][  0]LogPakFile: PakFile FullDirectoryIndexSize=148
[2024.02.27-05.09.38:102][  0]LogShaderLibrary: Display: ShaderCodeLibraryPakFileMountedCallback: PakFile 'C:/Program Files/Epic Games/UE_4.27/FeaturePacks/TP_ThirdPerson.upack' (chunk index -1, root 'root:/') mounted
[2024.02.27-05.09.38:102][  0]LogShaderLibrary: Display: ShaderCodeLibraryPakFileMountedCallback: pending pak file info (ChunkID:-1 Root:root:/ File:C:/Program Files/Epic Games/UE_4.27/FeaturePacks/TP_ThirdPerson.upack)
[2024.02.27-05.09.38:102][  0]LogPakFile: OnPakFileMounted2Time == 0.000067
[2024.02.27-05.09.38:103][  0]LogPakFile: PakFile PrimaryIndexSize=189
[2024.02.27-05.09.38:103][  0]LogPakFile: PakFile PathHashIndexSize=101
[2024.02.27-05.09.38:103][  0]LogPakFile: PakFile FullDirectoryIndexSize=152
[2024.02.27-05.09.38:103][  0]LogShaderLibrary: Display: ShaderCodeLibraryPakFileMountedCallback: PakFile 'C:/Program Files/Epic Games/UE_4.27/FeaturePacks/TP_ThirdPersonBP.upack' (chunk index -1, root 'root:/') mounted
[2024.02.27-05.09.38:103][  0]LogShaderLibrary: Display: ShaderCodeLibraryPakFileMountedCallback: pending pak file info (ChunkID:-1 Root:root:/ File:C:/Program Files/Epic Games/UE_4.27/FeaturePacks/TP_ThirdPersonBP.upack)
[2024.02.27-05.09.38:103][  0]LogPakFile: OnPakFileMounted2Time == 0.000062
[2024.02.27-05.09.38:105][  0]LogPakFile: PakFile PrimaryIndexSize=183
[2024.02.27-05.09.38:105][  0]LogPakFile: PakFile PathHashIndexSize=101
[2024.02.27-05.09.38:105][  0]LogPakFile: PakFile FullDirectoryIndexSize=140
[2024.02.27-05.09.38:105][  0]LogShaderLibrary: Display: ShaderCodeLibraryPakFileMountedCallback: PakFile 'C:/Program Files/Epic Games/UE_4.27/FeaturePacks/TP_TopDown.upack' (chunk index -1, root 'root:/') mounted
[2024.02.27-05.09.38:105][  0]LogShaderLibrary: Display: ShaderCodeLibraryPakFileMountedCallback: pending pak file info (ChunkID:-1 Root:root:/ File:C:/Program Files/Epic Games/UE_4.27/FeaturePacks/TP_TopDown.upack)
[2024.02.27-05.09.38:105][  0]LogPakFile: OnPakFileMounted2Time == 0.000068
[2024.02.27-05.09.38:106][  0]LogPakFile: PakFile PrimaryIndexSize=185
[2024.02.27-05.09.38:106][  0]LogPakFile: PakFile PathHashIndexSize=101
[2024.02.27-05.09.38:106][  0]LogPakFile: PakFile FullDirectoryIndexSize=144
[2024.02.27-05.09.38:106][  0]LogShaderLibrary: Display: ShaderCodeLibraryPakFileMountedCallback: PakFile 'C:/Program Files/Epic Games/UE_4.27/FeaturePacks/TP_TopDownBP.upack' (chunk index -1, root 'root:/') mounted
[2024.02.27-05.09.38:106][  0]LogShaderLibrary: Display: ShaderCodeLibraryPakFileMountedCallback: pending pak file info (ChunkID:-1 Root:root:/ File:C:/Program Files/Epic Games/UE_4.27/FeaturePacks/TP_TopDownBP.upack)
[2024.02.27-05.09.38:106][  0]LogPakFile: OnPakFileMounted2Time == 0.000070
[2024.02.27-05.09.38:107][  0]LogPakFile: PakFile PrimaryIndexSize=185
[2024.02.27-05.09.38:107][  0]LogPakFile: PakFile PathHashIndexSize=101
[2024.02.27-05.09.38:107][  0]LogPakFile: PakFile FullDirectoryIndexSize=144
[2024.02.27-05.09.38:107][  0]LogShaderLibrary: Display: ShaderCodeLibraryPakFileMountedCallback: PakFile 'C:/Program Files/Epic Games/UE_4.27/FeaturePacks/TP_TwinStick.upack' (chunk index -1, root 'root:/') mounted
[2024.02.27-05.09.38:108][  0]LogShaderLibrary: Display: ShaderCodeLibraryPakFileMountedCallback: pending pak file info (ChunkID:-1 Root:root:/ File:C:/Program Files/Epic Games/UE_4.27/FeaturePacks/TP_TwinStick.upack)
[2024.02.27-05.09.38:108][  0]LogPakFile: OnPakFileMounted2Time == 0.000056
[2024.02.27-05.09.38:109][  0]LogPakFile: PakFile PrimaryIndexSize=187
[2024.02.27-05.09.38:109][  0]LogPakFile: PakFile PathHashIndexSize=101
[2024.02.27-05.09.38:109][  0]LogPakFile: PakFile FullDirectoryIndexSize=148
[2024.02.27-05.09.38:109][  0]LogShaderLibrary: Display: ShaderCodeLibraryPakFileMountedCallback: PakFile 'C:/Program Files/Epic Games/UE_4.27/FeaturePacks/TP_TwinStickBP.upack' (chunk index -1, root 'root:/') mounted
[2024.02.27-05.09.38:109][  0]LogShaderLibrary: Display: ShaderCodeLibraryPakFileMountedCallback: pending pak file info (ChunkID:-1 Root:root:/ File:C:/Program Files/Epic Games/UE_4.27/FeaturePacks/TP_TwinStickBP.upack)
[2024.02.27-05.09.38:109][  0]LogPakFile: OnPakFileMounted2Time == 0.000052
[2024.02.27-05.09.38:110][  0]LogPakFile: PakFile PrimaryIndexSize=183
[2024.02.27-05.09.38:110][  0]LogPakFile: PakFile PathHashIndexSize=101
[2024.02.27-05.09.38:110][  0]LogPakFile: PakFile FullDirectoryIndexSize=140
[2024.02.27-05.09.38:110][  0]LogShaderLibrary: Display: ShaderCodeLibraryPakFileMountedCallback: PakFile 'C:/Program Files/Epic Games/UE_4.27/FeaturePacks/TP_Vehicle.upack' (chunk index -1, root 'root:/') mounted
[2024.02.27-05.09.38:110][  0]LogShaderLibrary: Display: ShaderCodeLibraryPakFileMountedCallback: pending pak file info (ChunkID:-1 Root:root:/ File:C:/Program Files/Epic Games/UE_4.27/FeaturePacks/TP_Vehicle.upack)
[2024.02.27-05.09.38:110][  0]LogPakFile: OnPakFileMounted2Time == 0.000061
[2024.02.27-05.09.38:111][  0]LogPakFile: PakFile PrimaryIndexSize=186
[2024.02.27-05.09.38:111][  0]LogPakFile: PakFile PathHashIndexSize=101
[2024.02.27-05.09.38:111][  0]LogPakFile: PakFile FullDirectoryIndexSize=146
[2024.02.27-05.09.38:111][  0]LogShaderLibrary: Display: ShaderCodeLibraryPakFileMountedCallback: PakFile 'C:/Program Files/Epic Games/UE_4.27/FeaturePacks/TP_VehicleAdv.upack' (chunk index -1, root 'root:/') mounted
[2024.02.27-05.09.38:111][  0]LogShaderLibrary: Display: ShaderCodeLibraryPakFileMountedCallback: pending pak file info (ChunkID:-1 Root:root:/ File:C:/Program Files/Epic Games/UE_4.27/FeaturePacks/TP_VehicleAdv.upack)
[2024.02.27-05.09.38:111][  0]LogPakFile: OnPakFileMounted2Time == 0.000064
[2024.02.27-05.09.38:113][  0]LogPakFile: PakFile PrimaryIndexSize=188
[2024.02.27-05.09.38:113][  0]LogPakFile: PakFile PathHashIndexSize=101
[2024.02.27-05.09.38:113][  0]LogPakFile: PakFile FullDirectoryIndexSize=150
[2024.02.27-05.09.38:113][  0]LogShaderLibrary: Display: ShaderCodeLibraryPakFileMountedCallback: PakFile 'C:/Program Files/Epic Games/UE_4.27/FeaturePacks/TP_VehicleAdvBP.upack' (chunk index -1, root 'root:/') mounted
[2024.02.27-05.09.38:113][  0]LogShaderLibrary: Display: ShaderCodeLibraryPakFileMountedCallback: pending pak file info (ChunkID:-1 Root:root:/ File:C:/Program Files/Epic Games/UE_4.27/FeaturePacks/TP_VehicleAdvBP.upack)
[2024.02.27-05.09.38:113][  0]LogPakFile: OnPakFileMounted2Time == 0.000053
[2024.02.27-05.09.38:114][  0]LogPakFile: PakFile PrimaryIndexSize=185
[2024.02.27-05.09.38:114][  0]LogPakFile: PakFile PathHashIndexSize=101
[2024.02.27-05.09.38:114][  0]LogPakFile: PakFile FullDirectoryIndexSize=144
[2024.02.27-05.09.38:114][  0]LogShaderLibrary: Display: ShaderCodeLibraryPakFileMountedCallback: PakFile 'C:/Program Files/Epic Games/UE_4.27/FeaturePacks/TP_VehicleBP.upack' (chunk index -1, root 'root:/') mounted
[2024.02.27-05.09.38:114][  0]LogShaderLibrary: Display: ShaderCodeLibraryPakFileMountedCallback: pending pak file info (ChunkID:-1 Root:root:/ File:C:/Program Files/Epic Games/UE_4.27/FeaturePacks/TP_VehicleBP.upack)
[2024.02.27-05.09.38:114][  0]LogPakFile: OnPakFileMounted2Time == 0.000059
[2024.02.27-05.09.38:115][  0]LogPakFile: PakFile PrimaryIndexSize=192
[2024.02.27-05.09.38:115][  0]LogPakFile: PakFile PathHashIndexSize=101
[2024.02.27-05.09.38:115][  0]LogPakFile: PakFile FullDirectoryIndexSize=158
[2024.02.27-05.09.38:115][  0]LogShaderLibrary: Display: ShaderCodeLibraryPakFileMountedCallback: PakFile 'C:/Program Files/Epic Games/UE_4.27/FeaturePacks/TP_VirtualRealityBP.upack' (chunk index -1, root 'root:/') mounted
[2024.02.27-05.09.38:116][  0]LogShaderLibrary: Display: ShaderCodeLibraryPakFileMountedCallback: pending pak file info (ChunkID:-1 Root:root:/ File:C:/Program Files/Epic Games/UE_4.27/FeaturePacks/TP_VirtualRealityBP.upack)
[2024.02.27-05.09.38:116][  0]LogPakFile: OnPakFileMounted2Time == 0.000063
[2024.02.27-05.09.38:219][  0]LogNativeClassHierarchy: Verbose: Native class hierarchy updated for 'AddContentDialog' in 0.0003 seconds. Added 0 classes and 0 folders.
[2024.02.27-05.09.38:224][  0]LogNativeClassHierarchy: Verbose: Native class hierarchy updated for 'SceneOutliner' in 0.0003 seconds. Added 2 classes and 0 folders.
[2024.02.27-05.09.38:310][  0]LogSlate: Took 0.000631 seconds to synchronously load lazily loaded font '../../../Engine/Content/Slate/Fonts/Roboto-Regular.ttf' (155K)
[2024.02.27-05.09.38:312][  0]LogSlate: Took 0.000349 seconds to synchronously load lazily loaded font '../../../Engine/Content/Editor/Slate/Fonts/FontAwesome.ttf' (139K)
[2024.02.27-05.09.38:314][  0]LogSlate: Took 0.002167 seconds to synchronously load lazily loaded font '../../../Engine/Content/Editor/Slate/Fonts/NanumGothic.ttf' (4243K)
[2024.02.27-05.09.38:317][  0]LogSlate: Took 0.001890 seconds to synchronously load lazily loaded font '../../../Engine/Content/Editor/Slate/Fonts/NanumGothicBold.ttf' (4188K)
[2024.02.27-05.09.38:317][  0]LogSlate: Took 0.000309 seconds to synchronously load lazily loaded font '../../../Engine/Content/Slate/Fonts/Roboto-Bold.ttf' (160K)
[2024.02.27-05.09.38:318][  0]LogSlate: Took 0.000271 seconds to synchronously load lazily loaded font '../../../Engine/Content/Slate/Fonts/DroidSansMono.ttf' (77K)
[2024.02.27-05.09.38:381][  0]LogSlate: Took 0.002101 seconds to synchronously load lazily loaded font '../../../Engine/Content/Editor/Slate/Fonts/NanumGothicExtraBold.ttf' (4074K)
[2024.02.27-05.09.38:524][  0]LogRenderer: Reallocating scene render targets to support 1596x480 Format 10 NumSamples 1 (Frame:1).
[2024.02.27-05.09.38:586][  0]LogSlate: Took 0.000447 seconds to synchronously load lazily loaded font '../../../Engine/Content/Slate/Fonts/Roboto-Light.ttf' (167K)
[2024.02.27-05.09.38:665][  0]LogNativeClassHierarchy: Verbose: Native class hierarchy updated for 'HierarchicalLODOutliner' in 0.0004 seconds. Added 0 classes and 0 folders.
[2024.02.27-05.09.38:665][  0]LogInput: Warning: Action SetDestination uses invalid key OculusGo_Left_Trigger_Click.
[2024.02.27-05.09.38:665][  0]LogInput: Warning: Action ResetVR uses invalid key OculusGo_Left_Back_Click.
[2024.02.27-05.09.38:665][  0]LogInput: Warning: Use -RemoveInvalidKeys to remove instances of these keys from the action mapping.
[2024.02.27-05.09.38:665][  0]LogLoad: (Engine Initialization) Total time: 15.06 seconds
[2024.02.27-05.09.38:665][  0]LogLoad: (Engine Initialization) Total Blueprint compile time: 0.00 seconds
[2024.02.27-05.09.38:735][  0]LogContentStreaming: Texture pool size now 1000 MB
[2024.02.27-05.09.38:824][  2]LogAssetRegistry: Asset discovery search completed in 7.8722 seconds
[2024.02.27-05.09.38:836][  2]LogCollectionManager: Fixed up redirectors for 0 collections in 0.000004 seconds (updated 0 objects)
[2024.02.27-05.09.40:150][  6]LogSlate: Took 0.000468 seconds to synchronously load lazily loaded font '../../../Engine/Content/Slate/Fonts/Roboto-Light.ttf' (167K)
